{"/home/travis/build/npmtest/node-npmtest-notie/test.js":{"path":"/home/travis/build/npmtest/node-npmtest-notie/test.js","s":{"1":2,"2":2,"3":2,"4":2,"5":2,"6":2,"7":2,"8":1,"9":2,"10":2,"11":1,"12":1,"13":1,"14":1,"15":2,"16":2,"17":2,"18":2,"19":1,"20":1,"21":2,"22":2,"23":2,"24":1,"25":1,"26":1,"27":1,"28":1,"29":1,"30":1,"31":1,"32":1,"33":1,"34":1,"35":1,"36":1,"37":1,"38":1,"39":2,"40":2,"41":1,"42":2,"43":2,"44":1,"45":2,"46":2,"47":1,"48":2,"49":2,"50":1,"51":1,"52":1,"53":1,"54":1},"b":{"1":[2,1,1,1],"2":[1,1,1,1],"3":[1,1],"4":[1,1],"5":[1,1],"6":[1,1],"7":[1,1],"8":[1,1],"9":[1,1],"10":[1,1,1],"11":[1,1],"12":[1,1],"13":[1,1],"14":[1,1],"15":[1,1],"16":[1,1],"17":[1,1]},"f":{"1":2,"2":2,"3":2,"4":2,"5":2,"6":1,"7":1,"8":1,"9":2,"10":2,"11":2,"12":2,"13":1},"fnMap":{"1":{"name":"(anonymous_1)","line":12,"loc":{"start":{"line":12,"column":1},"end":{"line":12,"column":13}}},"2":{"name":"(anonymous_2)","line":19,"loc":{"start":{"line":19,"column":5},"end":{"line":19,"column":17}}},"3":{"name":"(anonymous_3)","line":23,"loc":{"start":{"line":23,"column":24},"end":{"line":23,"column":36}}},"4":{"name":"(anonymous_4)","line":61,"loc":{"start":{"line":61,"column":5},"end":{"line":61,"column":17}}},"5":{"name":"(anonymous_5)","line":82,"loc":{"start":{"line":82,"column":5},"end":{"line":82,"column":17}}},"6":{"name":"(anonymous_6)","line":91,"loc":{"start":{"line":91,"column":77},"end":{"line":94,"column":10}}},"7":{"name":"(anonymous_7)","line":112,"loc":{"start":{"line":112,"column":83},"end":{"line":115,"column":10}},"skip":true},"8":{"name":"(anonymous_8)","line":123,"loc":{"start":{"line":123,"column":77},"end":{"line":126,"column":10}},"skip":true},"9":{"name":"(anonymous_9)","line":139,"loc":{"start":{"line":139,"column":12},"end":{"line":139,"column":40}},"skip":true},"10":{"name":"(anonymous_10)","line":147,"loc":{"start":{"line":147,"column":77},"end":{"line":150,"column":10}},"skip":true},"11":{"name":"(anonymous_11)","line":158,"loc":{"start":{"line":158,"column":83},"end":{"line":161,"column":10}},"skip":true},"12":{"name":"(anonymous_12)","line":169,"loc":{"start":{"line":169,"column":79},"end":{"line":172,"column":10}},"skip":true},"13":{"name":"(anonymous_13)","line":180,"loc":{"start":{"line":180,"column":75},"end":{"line":183,"column":10}},"skip":true}},"statementMap":{"1":{"start":{"line":12,"column":0},"end":{"line":195,"column":5}},"2":{"start":{"line":14,"column":4},"end":{"line":14,"column":14}},"3":{"start":{"line":19,"column":4},"end":{"line":56,"column":9}},"4":{"start":{"line":21,"column":8},"end":{"line":21,"column":19}},"5":{"start":{"line":23,"column":8},"end":{"line":35,"column":13}},"6":{"start":{"line":24,"column":12},"end":{"line":34,"column":13}},"7":{"start":{"line":25,"column":16},"end":{"line":28,"column":30}},"8":{"start":{"line":30,"column":16},"end":{"line":33,"column":27}},"9":{"start":{"line":37,"column":8},"end":{"line":39,"column":21}},"10":{"start":{"line":40,"column":8},"end":{"line":53,"column":9}},"11":{"start":{"line":43,"column":12},"end":{"line":46,"column":14}},"12":{"start":{"line":47,"column":12},"end":{"line":47,"column":18}},"13":{"start":{"line":50,"column":12},"end":{"line":51,"column":46}},"14":{"start":{"line":52,"column":12},"end":{"line":52,"column":18}},"15":{"start":{"line":55,"column":8},"end":{"line":55,"column":35}},"16":{"start":{"line":61,"column":4},"end":{"line":63,"column":9}},"17":{"start":{"line":62,"column":8},"end":{"line":62,"column":15}},"18":{"start":{"line":64,"column":4},"end":{"line":77,"column":5}},"19":{"start":{"line":70,"column":8},"end":{"line":70,"column":14}},"20":{"start":{"line":76,"column":8},"end":{"line":76,"column":14}},"21":{"start":{"line":82,"column":4},"end":{"line":84,"column":9}},"22":{"start":{"line":83,"column":8},"end":{"line":83,"column":15}},"23":{"start":{"line":85,"column":4},"end":{"line":194,"column":5}},"24":{"start":{"line":91,"column":8},"end":{"line":99,"column":10}},"25":{"start":{"line":98,"column":12},"end":{"line":98,"column":35}},"26":{"start":{"line":102,"column":8},"end":{"line":104,"column":63}},"27":{"start":{"line":105,"column":8},"end":{"line":105,"column":14}},"28":{"start":{"line":112,"column":8},"end":{"line":121,"column":10},"skip":true},"29":{"start":{"line":119,"column":12},"end":{"line":119,"column":55},"skip":true},"30":{"start":{"line":120,"column":12},"end":{"line":120,"column":48},"skip":true},"31":{"start":{"line":123,"column":8},"end":{"line":136,"column":10},"skip":true},"32":{"start":{"line":130,"column":12},"end":{"line":130,"column":76},"skip":true},"33":{"start":{"line":131,"column":12},"end":{"line":131,"column":73},"skip":true},"34":{"start":{"line":132,"column":12},"end":{"line":132,"column":74},"skip":true},"35":{"start":{"line":133,"column":12},"end":{"line":133,"column":79},"skip":true},"36":{"start":{"line":134,"column":12},"end":{"line":134,"column":25},"skip":true},"37":{"start":{"line":135,"column":12},"end":{"line":135,"column":45},"skip":true},"38":{"start":{"line":138,"column":8},"end":{"line":145,"column":14},"skip":true},"39":{"start":{"line":143,"column":16},"end":{"line":143,"column":29},"skip":true},"40":{"start":{"line":144,"column":16},"end":{"line":144,"column":55},"skip":true},"41":{"start":{"line":147,"column":8},"end":{"line":156,"column":10},"skip":true},"42":{"start":{"line":154,"column":12},"end":{"line":154,"column":25},"skip":true},"43":{"start":{"line":155,"column":12},"end":{"line":155,"column":45},"skip":true},"44":{"start":{"line":158,"column":8},"end":{"line":167,"column":10},"skip":true},"45":{"start":{"line":165,"column":12},"end":{"line":165,"column":25},"skip":true},"46":{"start":{"line":166,"column":12},"end":{"line":166,"column":48},"skip":true},"47":{"start":{"line":169,"column":8},"end":{"line":178,"column":10},"skip":true},"48":{"start":{"line":176,"column":12},"end":{"line":176,"column":25},"skip":true},"49":{"start":{"line":177,"column":12},"end":{"line":177,"column":46},"skip":true},"50":{"start":{"line":180,"column":8},"end":{"line":189,"column":10},"skip":true},"51":{"start":{"line":187,"column":12},"end":{"line":187,"column":94},"skip":true},"52":{"start":{"line":188,"column":12},"end":{"line":188,"column":48},"skip":true},"53":{"start":{"line":192,"column":8},"end":{"line":192,"column":35},"skip":true},"54":{"start":{"line":193,"column":8},"end":{"line":193,"column":14},"skip":true}},"branchMap":{"1":{"line":25,"type":"binary-expr","locations":[{"start":{"line":25,"column":23},"end":{"line":25,"column":62}},{"start":{"line":26,"column":20},"end":{"line":26,"column":70}},{"start":{"line":27,"column":20},"end":{"line":27,"column":71}},{"start":{"line":28,"column":20},"end":{"line":28,"column":29}}]},"2":{"line":30,"type":"binary-expr","locations":[{"start":{"line":30,"column":23},"end":{"line":30,"column":37}},{"start":{"line":31,"column":20},"end":{"line":31,"column":61}},{"start":{"line":32,"column":20},"end":{"line":32,"column":70}},{"start":{"line":33,"column":20},"end":{"line":33,"column":26}}]},"3":{"line":37,"type":"cond-expr","locations":[{"start":{"line":38,"column":14},"end":{"line":38,"column":20}},{"start":{"line":39,"column":14},"end":{"line":39,"column":20}}]},"4":{"line":40,"type":"switch","locations":[{"start":{"line":42,"column":8},"end":{"line":47,"column":18}},{"start":{"line":49,"column":8},"end":{"line":52,"column":18}}]},"5":{"line":44,"type":"binary-expr","locations":[{"start":{"line":44,"column":16},"end":{"line":44,"column":44}},{"start":{"line":44,"column":48},"end":{"line":44,"column":66}}]},"6":{"line":50,"type":"binary-expr","locations":[{"start":{"line":50,"column":21},"end":{"line":50,"column":49}},{"start":{"line":50,"column":53},"end":{"line":50,"column":72}}]},"7":{"line":64,"type":"switch","locations":[{"start":{"line":69,"column":4},"end":{"line":70,"column":14}},{"start":{"line":75,"column":4},"end":{"line":76,"column":14}}]},"8":{"line":85,"type":"switch","locations":[{"start":{"line":90,"column":4},"end":{"line":105,"column":14}},{"start":{"line":111,"column":4},"end":{"line":193,"column":14},"skip":true}]},"9":{"line":91,"type":"binary-expr","locations":[{"start":{"line":91,"column":42},"end":{"line":91,"column":73}},{"start":{"line":91,"column":77},"end":{"line":99,"column":9}}]},"10":{"line":102,"type":"binary-expr","locations":[{"start":{"line":102,"column":18},"end":{"line":102,"column":32}},{"start":{"line":103,"column":12},"end":{"line":103,"column":53}},{"start":{"line":104,"column":12},"end":{"line":104,"column":61}}]},"11":{"line":112,"type":"binary-expr","locations":[{"start":{"line":112,"column":45},"end":{"line":112,"column":79},"skip":true},{"start":{"line":112,"column":83},"end":{"line":121,"column":9},"skip":true}]},"12":{"line":123,"type":"binary-expr","locations":[{"start":{"line":123,"column":42},"end":{"line":123,"column":73},"skip":true},{"start":{"line":123,"column":77},"end":{"line":136,"column":9},"skip":true}]},"13":{"line":138,"type":"binary-expr","locations":[{"start":{"line":138,"column":48},"end":{"line":138,"column":85},"skip":true},{"start":{"line":139,"column":12},"end":{"line":145,"column":13},"skip":true}]},"14":{"line":147,"type":"binary-expr","locations":[{"start":{"line":147,"column":42},"end":{"line":147,"column":73},"skip":true},{"start":{"line":147,"column":77},"end":{"line":156,"column":9},"skip":true}]},"15":{"line":158,"type":"binary-expr","locations":[{"start":{"line":158,"column":45},"end":{"line":158,"column":79},"skip":true},{"start":{"line":158,"column":83},"end":{"line":167,"column":9},"skip":true}]},"16":{"line":169,"type":"binary-expr","locations":[{"start":{"line":169,"column":43},"end":{"line":169,"column":75},"skip":true},{"start":{"line":169,"column":79},"end":{"line":178,"column":9},"skip":true}]},"17":{"line":180,"type":"binary-expr","locations":[{"start":{"line":180,"column":41},"end":{"line":180,"column":71},"skip":true},{"start":{"line":180,"column":75},"end":{"line":189,"column":9},"skip":true}]}},"code":["/* istanbul instrument in package npmtest_notie */","/*jslint","    bitwise: true,","    browser: true,","    maxerr: 8,","    maxlen: 96,","    node: true,","    nomen: true,","    regexp: true,","    stupid: true","*/","(function () {","    'use strict';","    var local;","","","","    // run shared js-env code - pre-init","    (function () {","        // init local","        local = {};","        // init modeJs","        local.modeJs = (function () {","            try {","                return typeof navigator.userAgent === 'string' &&","                    typeof document.querySelector('body') === 'object' &&","                    typeof XMLHttpRequest.prototype.open === 'function' &&","                    'browser';","            } catch (errorCaughtBrowser) {","                return module.exports &&","                    typeof process.versions.node === 'string' &&","                    typeof require('http').createServer === 'function' &&","                    'node';","            }","        }());","        // init global","        local.global = local.modeJs === 'browser'","            ? window","            : global;","        switch (local.modeJs) {","        // re-init local from window.local","        case 'browser':","            local = local.global.utility2.objectSetDefault(","                local.global.utility2_rollup || local.global.local,","                local.global.utility2","            );","            break;","        // re-init local from example.js","        case 'node':","            local = (local.global.utility2_rollup || require('utility2'))","                .requireExampleJsFromReadme();","            break;","        }","        // export local","        local.global.local = local;","    }());","","","","    // run shared js-env code - function","    (function () {","        return;","    }());","    switch (local.modeJs) {","","","","    // run browser js-env code - function","    case 'browser':","        break;","","","","    // run node js-env code - function","    case 'node':","        break;","    }","","","","    // run shared js-env code - post-init","    (function () {","        return;","    }());","    switch (local.modeJs) {","","","","    // run browser js-env code - post-init","    case 'browser':","        local.testCase_browser_nullCase = local.testCase_browser_nullCase || function (","            options,","            onError","        ) {","        /*","         * this function will test browsers's null-case handling-behavior-behavior","         */","            onError(null, options);","        };","","        // run tests","        local.nop(local.modeTest &&","            document.querySelector('#testRunButton1') &&","            document.querySelector('#testRunButton1').click());","        break;","","","","    // run node js-env code - post-init","    /* istanbul ignore next */","    case 'node':","        local.testCase_buildApidoc_default = local.testCase_buildApidoc_default || function (","            options,","            onError","        ) {","        /*","         * this function will test buildApidoc's default handling-behavior-behavior","         */","            options = { modulePathList: module.paths };","            local.buildApidoc(options, onError);","        };","","        local.testCase_buildApp_default = local.testCase_buildApp_default || function (","            options,","            onError","        ) {","        /*","         * this function will test buildApp's default handling-behavior-behavior","         */","            local.testCase_buildReadme_default(options, local.onErrorThrow);","            local.testCase_buildLib_default(options, local.onErrorThrow);","            local.testCase_buildTest_default(options, local.onErrorThrow);","            local.testCase_buildCustomOrg_default(options, local.onErrorThrow);","            options = [];","            local.buildApp(options, onError);","        };","","        local.testCase_buildCustomOrg_default = local.testCase_buildCustomOrg_default ||","            function (options, onError) {","            /*","             * this function will test buildCustomOrg's default handling-behavior","             */","                options = {};","                local.buildCustomOrg(options, onError);","            };","","        local.testCase_buildLib_default = local.testCase_buildLib_default || function (","            options,","            onError","        ) {","        /*","         * this function will test buildLib's default handling-behavior","         */","            options = {};","            local.buildLib(options, onError);","        };","","        local.testCase_buildReadme_default = local.testCase_buildReadme_default || function (","            options,","            onError","        ) {","        /*","         * this function will test buildReadme's default handling-behavior-behavior","         */","            options = {};","            local.buildReadme(options, onError);","        };","","        local.testCase_buildTest_default = local.testCase_buildTest_default || function (","            options,","            onError","        ) {","        /*","         * this function will test buildTest's default handling-behavior","         */","            options = {};","            local.buildTest(options, onError);","        };","","        local.testCase_webpage_default = local.testCase_webpage_default || function (","            options,","            onError","        ) {","        /*","         * this function will test webpage's default handling-behavior","         */","            options = { modeCoverageMerge: true, url: local.serverLocalHost + '?modeTest=1' };","            local.browserTest(options, onError);","        };","","        // run test-server","        local.testRunServer(local);","        break;","    }","}());",""],"l":{"12":2,"14":2,"19":2,"21":2,"23":2,"24":2,"25":2,"30":1,"37":2,"40":2,"43":1,"47":1,"50":1,"52":1,"55":2,"61":2,"62":2,"64":2,"70":1,"76":1,"82":2,"83":2,"85":2,"91":1,"98":1,"102":1,"105":1,"112":1,"119":1,"120":1,"123":1,"130":1,"131":1,"132":1,"133":1,"134":1,"135":1,"138":1,"143":2,"144":2,"147":1,"154":2,"155":2,"158":1,"165":2,"166":2,"169":1,"176":2,"177":2,"180":1,"187":1,"188":1,"192":1,"193":1}},"/home/travis/build/npmtest/node-npmtest-notie/lib.npmtest_notie.js":{"path":"/home/travis/build/npmtest/node-npmtest-notie/lib.npmtest_notie.js","s":{"1":2,"2":2,"3":2,"4":2,"5":2,"6":2,"7":2,"8":1,"9":2,"10":2,"11":2,"12":2,"13":1,"14":1,"15":1,"16":1},"b":{"1":[2,1,1,1],"2":[1,1,1,1],"3":[1,1],"4":[2,2],"5":[1,1]},"f":{"1":2,"2":2,"3":2},"fnMap":{"1":{"name":"(anonymous_1)","line":12,"loc":{"start":{"line":12,"column":1},"end":{"line":12,"column":13}}},"2":{"name":"(anonymous_2)","line":19,"loc":{"start":{"line":19,"column":5},"end":{"line":19,"column":17}}},"3":{"name":"(anonymous_3)","line":23,"loc":{"start":{"line":23,"column":24},"end":{"line":23,"column":36}}}},"statementMap":{"1":{"start":{"line":12,"column":0},"end":{"line":53,"column":5}},"2":{"start":{"line":14,"column":4},"end":{"line":14,"column":14}},"3":{"start":{"line":19,"column":4},"end":{"line":52,"column":9}},"4":{"start":{"line":21,"column":8},"end":{"line":21,"column":19}},"5":{"start":{"line":23,"column":8},"end":{"line":35,"column":13}},"6":{"start":{"line":24,"column":12},"end":{"line":34,"column":13}},"7":{"start":{"line":25,"column":16},"end":{"line":28,"column":30}},"8":{"start":{"line":30,"column":16},"end":{"line":33,"column":27}},"9":{"start":{"line":37,"column":8},"end":{"line":39,"column":21}},"10":{"start":{"line":41,"column":8},"end":{"line":41,"column":54}},"11":{"start":{"line":43,"column":8},"end":{"line":43,"column":50}},"12":{"start":{"line":45,"column":8},"end":{"line":51,"column":9}},"13":{"start":{"line":46,"column":12},"end":{"line":46,"column":56}},"14":{"start":{"line":48,"column":12},"end":{"line":48,"column":35}},"15":{"start":{"line":49,"column":12},"end":{"line":49,"column":49}},"16":{"start":{"line":50,"column":12},"end":{"line":50,"column":43}}},"branchMap":{"1":{"line":25,"type":"binary-expr","locations":[{"start":{"line":25,"column":23},"end":{"line":25,"column":62}},{"start":{"line":26,"column":20},"end":{"line":26,"column":70}},{"start":{"line":27,"column":20},"end":{"line":27,"column":71}},{"start":{"line":28,"column":20},"end":{"line":28,"column":29}}]},"2":{"line":30,"type":"binary-expr","locations":[{"start":{"line":30,"column":23},"end":{"line":30,"column":37}},{"start":{"line":31,"column":20},"end":{"line":31,"column":61}},{"start":{"line":32,"column":20},"end":{"line":32,"column":70}},{"start":{"line":33,"column":20},"end":{"line":33,"column":26}}]},"3":{"line":37,"type":"cond-expr","locations":[{"start":{"line":38,"column":14},"end":{"line":38,"column":20}},{"start":{"line":39,"column":14},"end":{"line":39,"column":20}}]},"4":{"line":41,"type":"binary-expr","locations":[{"start":{"line":41,"column":16},"end":{"line":41,"column":44}},{"start":{"line":41,"column":48},"end":{"line":41,"column":53}}]},"5":{"line":45,"type":"if","locations":[{"start":{"line":45,"column":8},"end":{"line":45,"column":8}},{"start":{"line":45,"column":8},"end":{"line":45,"column":8}}]}},"code":["/* istanbul instrument in package npmtest_notie */","/*jslint","    bitwise: true,","    browser: true,","    maxerr: 8,","    maxlen: 96,","    node: true,","    nomen: true,","    regexp: true,","    stupid: true","*/","(function () {","    'use strict';","    var local;","","","","    // run shared js-env code - pre-init","    (function () {","        // init local","        local = {};","        // init modeJs","        local.modeJs = (function () {","            try {","                return typeof navigator.userAgent === 'string' &&","                    typeof document.querySelector('body') === 'object' &&","                    typeof XMLHttpRequest.prototype.open === 'function' &&","                    'browser';","            } catch (errorCaughtBrowser) {","                return module.exports &&","                    typeof process.versions.node === 'string' &&","                    typeof require('http').createServer === 'function' &&","                    'node';","            }","        }());","        // init global","        local.global = local.modeJs === 'browser'","            ? window","            : global;","        // init utility2_rollup","        local = local.global.utility2_rollup || local;","        // init lib","        local.local = local.npmtest_notie = local;","        // init exports","        if (local.modeJs === 'browser') {","            local.global.utility2_npmtest_notie = local;","        } else {","            module.exports = local;","            module.exports.__dirname = __dirname;","            module.exports.module = module;","        }","    }());","}());",""],"l":{"12":2,"14":2,"19":2,"21":2,"23":2,"24":2,"25":2,"30":1,"37":2,"41":2,"43":2,"45":2,"46":1,"48":1,"49":1,"50":1}},"/home/travis/build/npmtest/node-npmtest-notie/example.js":{"path":"/home/travis/build/npmtest/node-npmtest-notie/example.js","s":{"1":2,"2":2,"3":2,"4":2,"5":2,"6":2,"7":2,"8":1,"9":2,"10":2,"11":2,"12":2,"13":1,"14":2,"15":2,"16":2,"17":2,"18":2,"19":0,"20":2,"21":1,"22":1,"23":1,"24":1,"25":1,"26":0,"27":0,"28":1,"29":1,"30":2,"31":0,"32":0,"33":0,"34":1,"35":2,"36":2,"37":3,"38":3,"39":3,"40":3,"41":0,"42":3,"43":3,"44":3,"45":1,"46":3,"47":1,"48":1,"49":1,"50":1,"51":1,"52":1,"53":1,"54":1,"55":1,"56":1,"57":0,"58":1,"59":6,"60":6,"61":1,"62":2,"63":0,"64":2,"65":1,"66":1,"67":0,"68":0,"69":0,"70":0,"71":0,"72":0,"73":0,"74":0,"75":0,"76":0,"77":0,"78":0,"79":0,"80":0,"81":0,"82":0,"83":0},"b":{"1":[2,1,1,1],"2":[1,1,1,1],"3":[1,1],"4":[2,2],"5":[1,1],"6":[1,1],"7":[2,0],"8":[2,1,1,1,1,1],"9":[0,2,0],"10":[1,1],"11":[2,1,1],"12":[1,0],"13":[0,2],"14":[2,0,0,0,0,0,0],"15":[0,3],"16":[3,0],"17":[1,1],"18":[0,1],"19":[1,2,0,2],"20":[1,0],"21":[1,1],"22":[0,0],"23":[0,0],"24":[0,0],"25":[0,0],"26":[0,0],"27":[0,0],"28":[0,0]},"f":{"1":2,"2":2,"3":2,"4":2,"5":2,"6":2,"7":3,"8":3,"9":3,"10":1,"11":6,"12":0},"fnMap":{"1":{"name":"(anonymous_1)","line":26,"loc":{"start":{"line":26,"column":1},"end":{"line":26,"column":13}}},"2":{"name":"(anonymous_2)","line":33,"loc":{"start":{"line":33,"column":5},"end":{"line":33,"column":17}}},"3":{"name":"(anonymous_3)","line":37,"loc":{"start":{"line":37,"column":24},"end":{"line":37,"column":36}}},"4":{"name":"(anonymous_4)","line":69,"loc":{"start":{"line":69,"column":31},"end":{"line":69,"column":48}},"skip":true},"5":{"name":"(anonymous_5)","line":78,"loc":{"start":{"line":78,"column":26},"end":{"line":78,"column":45}},"skip":true},"6":{"name":"(anonymous_6)","line":123,"loc":{"start":{"line":123,"column":33},"end":{"line":123,"column":48}},"skip":true},"7":{"name":"(anonymous_7)","line":125,"loc":{"start":{"line":125,"column":27},"end":{"line":125,"column":39}},"skip":true},"8":{"name":"(anonymous_8)","line":133,"loc":{"start":{"line":133,"column":59},"end":{"line":133,"column":74}},"skip":true},"9":{"name":"(anonymous_9)","line":143,"loc":{"start":{"line":143,"column":45},"end":{"line":143,"column":62}},"skip":true},"10":{"name":"(anonymous_10)","line":144,"loc":{"start":{"line":144,"column":73},"end":{"line":144,"column":92}},"skip":true},"11":{"name":"(anonymous_11)","line":272,"loc":{"start":{"line":272,"column":51},"end":{"line":272,"column":77}},"skip":true},"12":{"name":"(anonymous_12)","line":315,"loc":{"start":{"line":315,"column":32},"end":{"line":315,"column":61}},"skip":true}},"statementMap":{"1":{"start":{"line":26,"column":0},"end":{"line":326,"column":5}},"2":{"start":{"line":28,"column":4},"end":{"line":28,"column":14}},"3":{"start":{"line":33,"column":4},"end":{"line":60,"column":9}},"4":{"start":{"line":35,"column":8},"end":{"line":35,"column":19}},"5":{"start":{"line":37,"column":8},"end":{"line":49,"column":13}},"6":{"start":{"line":38,"column":12},"end":{"line":48,"column":13}},"7":{"start":{"line":39,"column":16},"end":{"line":42,"column":30}},"8":{"start":{"line":44,"column":16},"end":{"line":47,"column":27}},"9":{"start":{"line":51,"column":8},"end":{"line":53,"column":21}},"10":{"start":{"line":55,"column":8},"end":{"line":57,"column":45}},"11":{"start":{"line":59,"column":8},"end":{"line":59,"column":35}},"12":{"start":{"line":61,"column":4},"end":{"line":325,"column":5}},"13":{"start":{"line":69,"column":8},"end":{"line":121,"column":10},"skip":true},"14":{"start":{"line":70,"column":12},"end":{"line":88,"column":13},"skip":true},"15":{"start":{"line":76,"column":16},"end":{"line":87,"column":19},"skip":true},"16":{"start":{"line":79,"column":20},"end":{"line":86,"column":21},"skip":true},"17":{"start":{"line":82,"column":24},"end":{"line":82,"column":43},"skip":true},"18":{"start":{"line":83,"column":24},"end":{"line":83,"column":30},"skip":true},"19":{"start":{"line":85,"column":24},"end":{"line":85,"column":49},"skip":true},"20":{"start":{"line":89,"column":12},"end":{"line":107,"column":13},"skip":true},"21":{"start":{"line":92,"column":16},"end":{"line":102,"column":17},"skip":true},"22":{"start":{"line":93,"column":20},"end":{"line":93,"column":86},"skip":true},"23":{"start":{"line":94,"column":20},"end":{"line":95,"column":45},"skip":true},"24":{"start":{"line":96,"column":20},"end":{"line":96,"column":42},"skip":true},"25":{"start":{"line":97,"column":20},"end":{"line":97,"column":48},"skip":true},"26":{"start":{"line":100,"column":20},"end":{"line":100,"column":85},"skip":true},"27":{"start":{"line":101,"column":20},"end":{"line":101,"column":96},"skip":true},"28":{"start":{"line":103,"column":16},"end":{"line":103,"column":22},"skip":true},"29":{"start":{"line":106,"column":16},"end":{"line":106,"column":22},"skip":true},"30":{"start":{"line":108,"column":12},"end":{"line":120,"column":13},"skip":true},"31":{"start":{"line":114,"column":16},"end":{"line":119,"column":17},"skip":true},"32":{"start":{"line":116,"column":20},"end":{"line":116,"column":78},"skip":true},"33":{"start":{"line":118,"column":20},"end":{"line":118,"column":47},"skip":true},"34":{"start":{"line":123,"column":8},"end":{"line":141,"column":11},"skip":true},"35":{"start":{"line":124,"column":12},"end":{"line":124,"column":54},"skip":true},"36":{"start":{"line":125,"column":12},"end":{"line":140,"column":14},"skip":true},"37":{"start":{"line":126,"column":16},"end":{"line":126,"column":28},"skip":true},"38":{"start":{"line":127,"column":16},"end":{"line":127,"column":69},"skip":true},"39":{"start":{"line":128,"column":16},"end":{"line":128,"column":75},"skip":true},"40":{"start":{"line":129,"column":16},"end":{"line":131,"column":17},"skip":true},"41":{"start":{"line":130,"column":20},"end":{"line":130,"column":27},"skip":true},"42":{"start":{"line":133,"column":16},"end":{"line":137,"column":36},"skip":true},"43":{"start":{"line":134,"column":20},"end":{"line":136,"column":55},"skip":true},"44":{"start":{"line":139,"column":16},"end":{"line":139,"column":57},"skip":true},"45":{"start":{"line":143,"column":8},"end":{"line":147,"column":11},"skip":true},"46":{"start":{"line":144,"column":12},"end":{"line":146,"column":15},"skip":true},"47":{"start":{"line":145,"column":16},"end":{"line":145,"column":70},"skip":true},"48":{"start":{"line":149,"column":8},"end":{"line":149,"column":31},"skip":true},"49":{"start":{"line":150,"column":8},"end":{"line":150,"column":14},"skip":true},"50":{"start":{"line":158,"column":8},"end":{"line":158,"column":31},"skip":true},"51":{"start":{"line":160,"column":8},"end":{"line":160,"column":33},"skip":true},"52":{"start":{"line":161,"column":8},"end":{"line":161,"column":37},"skip":true},"53":{"start":{"line":162,"column":8},"end":{"line":162,"column":35},"skip":true},"54":{"start":{"line":164,"column":8},"end":{"line":164,"column":50},"skip":true},"55":{"start":{"line":166,"column":8},"end":{"line":256,"column":2},"skip":true},"56":{"start":{"line":258,"column":8},"end":{"line":286,"column":9},"skip":true},"57":{"start":{"line":259,"column":12},"end":{"line":269,"column":14},"skip":true},"58":{"start":{"line":271,"column":12},"end":{"line":285,"column":19},"skip":true},"59":{"start":{"line":274,"column":20},"end":{"line":274,"column":35},"skip":true},"60":{"start":{"line":275,"column":20},"end":{"line":284,"column":21},"skip":true},"61":{"start":{"line":277,"column":24},"end":{"line":277,"column":64},"skip":true},"62":{"start":{"line":279,"column":24},"end":{"line":279,"column":40},"skip":true},"63":{"start":{"line":281,"column":24},"end":{"line":281,"column":40},"skip":true},"64":{"start":{"line":283,"column":24},"end":{"line":283,"column":39},"skip":true},"65":{"start":{"line":288,"column":8},"end":{"line":290,"column":9},"skip":true},"66":{"start":{"line":289,"column":12},"end":{"line":289,"column":18},"skip":true},"67":{"start":{"line":291,"column":8},"end":{"line":293,"column":54},"skip":true},"68":{"start":{"line":296,"column":8},"end":{"line":301,"column":37},"skip":true},"69":{"start":{"line":303,"column":8},"end":{"line":303,"column":82},"skip":true},"70":{"start":{"line":306,"column":8},"end":{"line":308,"column":9},"skip":true},"71":{"start":{"line":307,"column":12},"end":{"line":307,"column":82},"skip":true},"72":{"start":{"line":310,"column":8},"end":{"line":312,"column":9},"skip":true},"73":{"start":{"line":311,"column":12},"end":{"line":311,"column":18},"skip":true},"74":{"start":{"line":313,"column":8},"end":{"line":313,"column":54},"skip":true},"75":{"start":{"line":314,"column":8},"end":{"line":314,"column":69},"skip":true},"76":{"start":{"line":315,"column":8},"end":{"line":323,"column":36},"skip":true},"77":{"start":{"line":316,"column":12},"end":{"line":316,"column":61},"skip":true},"78":{"start":{"line":317,"column":12},"end":{"line":320,"column":13},"skip":true},"79":{"start":{"line":318,"column":16},"end":{"line":318,"column":75},"skip":true},"80":{"start":{"line":319,"column":16},"end":{"line":319,"column":23},"skip":true},"81":{"start":{"line":321,"column":12},"end":{"line":321,"column":38},"skip":true},"82":{"start":{"line":322,"column":12},"end":{"line":322,"column":27},"skip":true},"83":{"start":{"line":324,"column":8},"end":{"line":324,"column":14},"skip":true}},"branchMap":{"1":{"line":39,"type":"binary-expr","locations":[{"start":{"line":39,"column":23},"end":{"line":39,"column":62}},{"start":{"line":40,"column":20},"end":{"line":40,"column":70}},{"start":{"line":41,"column":20},"end":{"line":41,"column":71}},{"start":{"line":42,"column":20},"end":{"line":42,"column":29}}]},"2":{"line":44,"type":"binary-expr","locations":[{"start":{"line":44,"column":23},"end":{"line":44,"column":37}},{"start":{"line":45,"column":20},"end":{"line":45,"column":61}},{"start":{"line":46,"column":20},"end":{"line":46,"column":70}},{"start":{"line":47,"column":20},"end":{"line":47,"column":26}}]},"3":{"line":51,"type":"cond-expr","locations":[{"start":{"line":52,"column":14},"end":{"line":52,"column":20}},{"start":{"line":53,"column":14},"end":{"line":53,"column":20}}]},"4":{"line":55,"type":"binary-expr","locations":[{"start":{"line":55,"column":16},"end":{"line":55,"column":44}},{"start":{"line":55,"column":49},"end":{"line":57,"column":43}}]},"5":{"line":55,"type":"cond-expr","locations":[{"start":{"line":56,"column":14},"end":{"line":56,"column":49}},{"start":{"line":57,"column":14},"end":{"line":57,"column":43}}]},"6":{"line":61,"type":"switch","locations":[{"start":{"line":68,"column":4},"end":{"line":150,"column":14},"skip":true},{"start":{"line":156,"column":4},"end":{"line":324,"column":14},"skip":true}]},"7":{"line":70,"type":"if","locations":[{"start":{"line":70,"column":12},"end":{"line":70,"column":12},"skip":true},{"start":{"line":70,"column":12},"end":{"line":70,"column":12},"skip":true}]},"8":{"line":70,"type":"binary-expr","locations":[{"start":{"line":70,"column":16},"end":{"line":70,"column":22},"skip":true},{"start":{"line":70,"column":27},"end":{"line":70,"column":32},"skip":true},{"start":{"line":71,"column":20},"end":{"line":71,"column":39},"skip":true},{"start":{"line":72,"column":20},"end":{"line":72,"column":49},"skip":true},{"start":{"line":73,"column":20},"end":{"line":73,"column":58},"skip":true},{"start":{"line":74,"column":20},"end":{"line":74,"column":69},"skip":true}]},"9":{"line":79,"type":"switch","locations":[{"start":{"line":80,"column":20},"end":{"line":80,"column":33},"skip":true},{"start":{"line":81,"column":20},"end":{"line":83,"column":30},"skip":true},{"start":{"line":84,"column":20},"end":{"line":85,"column":49},"skip":true}]},"10":{"line":89,"type":"switch","locations":[{"start":{"line":90,"column":12},"end":{"line":103,"column":22},"skip":true},{"start":{"line":105,"column":12},"end":{"line":106,"column":22},"skip":true}]},"11":{"line":89,"type":"binary-expr","locations":[{"start":{"line":89,"column":20},"end":{"line":89,"column":25},"skip":true},{"start":{"line":89,"column":29},"end":{"line":89,"column":48},"skip":true},{"start":{"line":89,"column":52},"end":{"line":89,"column":74},"skip":true}]},"12":{"line":92,"type":"if","locations":[{"start":{"line":92,"column":16},"end":{"line":92,"column":16},"skip":true},{"start":{"line":92,"column":16},"end":{"line":92,"column":16},"skip":true}]},"13":{"line":108,"type":"if","locations":[{"start":{"line":108,"column":12},"end":{"line":108,"column":12},"skip":true},{"start":{"line":108,"column":12},"end":{"line":108,"column":12},"skip":true}]},"14":{"line":108,"type":"binary-expr","locations":[{"start":{"line":108,"column":16},"end":{"line":108,"column":61},"skip":true},{"start":{"line":108,"column":66},"end":{"line":108,"column":72},"skip":true},{"start":{"line":108,"column":77},"end":{"line":108,"column":82},"skip":true},{"start":{"line":109,"column":20},"end":{"line":109,"column":39},"skip":true},{"start":{"line":110,"column":20},"end":{"line":110,"column":49},"skip":true},{"start":{"line":111,"column":20},"end":{"line":111,"column":58},"skip":true},{"start":{"line":112,"column":20},"end":{"line":112,"column":68},"skip":true}]},"15":{"line":129,"type":"if","locations":[{"start":{"line":129,"column":16},"end":{"line":129,"column":16},"skip":true},{"start":{"line":129,"column":16},"end":{"line":129,"column":16},"skip":true}]},"16":{"line":134,"type":"cond-expr","locations":[{"start":{"line":135,"column":26},"end":{"line":135,"column":29},"skip":true},{"start":{"line":136,"column":26},"end":{"line":136,"column":54},"skip":true}]},"17":{"line":164,"type":"binary-expr","locations":[{"start":{"line":164,"column":27},"end":{"line":164,"column":43},"skip":true},{"start":{"line":164,"column":47},"end":{"line":164,"column":49},"skip":true}]},"18":{"line":258,"type":"if","locations":[{"start":{"line":258,"column":8},"end":{"line":258,"column":8},"skip":true},{"start":{"line":258,"column":8},"end":{"line":258,"column":8},"skip":true}]},"19":{"line":275,"type":"switch","locations":[{"start":{"line":276,"column":20},"end":{"line":277,"column":64},"skip":true},{"start":{"line":278,"column":20},"end":{"line":279,"column":40},"skip":true},{"start":{"line":280,"column":20},"end":{"line":281,"column":40},"skip":true},{"start":{"line":282,"column":20},"end":{"line":283,"column":39},"skip":true}]},"20":{"line":288,"type":"if","locations":[{"start":{"line":288,"column":8},"end":{"line":288,"column":8},"skip":true},{"start":{"line":288,"column":8},"end":{"line":288,"column":8},"skip":true}]},"21":{"line":288,"type":"binary-expr","locations":[{"start":{"line":288,"column":12},"end":{"line":288,"column":40},"skip":true},{"start":{"line":288,"column":44},"end":{"line":288,"column":67},"skip":true}]},"22":{"line":292,"type":"binary-expr","locations":[{"start":{"line":292,"column":12},"end":{"line":292,"column":50},"skip":true},{"start":{"line":293,"column":12},"end":{"line":293,"column":53},"skip":true}]},"23":{"line":297,"type":"binary-expr","locations":[{"start":{"line":297,"column":12},"end":{"line":297,"column":63},"skip":true},{"start":{"line":298,"column":12},"end":{"line":301,"column":36},"skip":true}]},"24":{"line":303,"type":"binary-expr","locations":[{"start":{"line":303,"column":43},"end":{"line":303,"column":75},"skip":true},{"start":{"line":303,"column":79},"end":{"line":303,"column":81},"skip":true}]},"25":{"line":306,"type":"if","locations":[{"start":{"line":306,"column":8},"end":{"line":306,"column":8},"skip":true},{"start":{"line":306,"column":8},"end":{"line":306,"column":8},"skip":true}]},"26":{"line":310,"type":"if","locations":[{"start":{"line":310,"column":8},"end":{"line":310,"column":8},"skip":true},{"start":{"line":310,"column":8},"end":{"line":310,"column":8},"skip":true}]},"27":{"line":313,"type":"binary-expr","locations":[{"start":{"line":313,"column":27},"end":{"line":313,"column":43},"skip":true},{"start":{"line":313,"column":47},"end":{"line":313,"column":53},"skip":true}]},"28":{"line":317,"type":"if","locations":[{"start":{"line":317,"column":12},"end":{"line":317,"column":12},"skip":true},{"start":{"line":317,"column":12},"end":{"line":317,"column":12},"skip":true}]}},"code":["/*","example.js","","quickstart example","","instruction","    1. save this script as example.js","    2. run the shell command:","        $ npm install npmtest-notie && PORT=8081 node example.js","    3. play with the browser-demo on http://127.0.0.1:8081","*/","","","","/* istanbul instrument in package npmtest_notie */","/*jslint","    bitwise: true,","    browser: true,","    maxerr: 8,","    maxlen: 96,","    node: true,","    nomen: true,","    regexp: true,","    stupid: true","*/","(function () {","    'use strict';","    var local;","","","","    // run shared js-env code - pre-init","    (function () {","        // init local","        local = {};","        // init modeJs","        local.modeJs = (function () {","            try {","                return typeof navigator.userAgent === 'string' &&","                    typeof document.querySelector('body') === 'object' &&","                    typeof XMLHttpRequest.prototype.open === 'function' &&","                    'browser';","            } catch (errorCaughtBrowser) {","                return module.exports &&","                    typeof process.versions.node === 'string' &&","                    typeof require('http').createServer === 'function' &&","                    'node';","            }","        }());","        // init global","        local.global = local.modeJs === 'browser'","            ? window","            : global;","        // init utility2_rollup","        local = local.global.utility2_rollup || (local.modeJs === 'browser'","            ? local.global.utility2_npmtest_notie","            : global.utility2_moduleExports);","        // export local","        local.global.local = local;","    }());","    switch (local.modeJs) {","","","","    // post-init","    // run browser js-env code - post-init","    /* istanbul ignore next */","    case 'browser':","        local.testRunBrowser = function (event) {","            if (!event || (event &&","                    event.currentTarget &&","                    event.currentTarget.className &&","                    event.currentTarget.className.includes &&","                    event.currentTarget.className.includes('onreset'))) {","                // reset output","                Array.from(","                    document.querySelectorAll('body > .resettable')","                ).forEach(function (element) {","                    switch (element.tagName) {","                    case 'INPUT':","                    case 'TEXTAREA':","                        element.value = '';","                        break;","                    default:","                        element.textContent = '';","                    }","                });","            }","            switch (event && event.currentTarget && event.currentTarget.id) {","            case 'testRunButton1':","                // show tests","                if (document.querySelector('#testReportDiv1').style.display === 'none') {","                    document.querySelector('#testReportDiv1').style.display = 'block';","                    document.querySelector('#testRunButton1').textContent =","                        'hide internal test';","                    local.modeTest = true;","                    local.testRunDefault(local);","                // hide tests","                } else {","                    document.querySelector('#testReportDiv1').style.display = 'none';","                    document.querySelector('#testRunButton1').textContent = 'run internal test';","                }","                break;","            // custom-case","            default:","                break;","            }","            if (document.querySelector('#inputTextareaEval1') && (!event || (event &&","                    event.currentTarget &&","                    event.currentTarget.className &&","                    event.currentTarget.className.includes &&","                    event.currentTarget.className.includes('oneval')))) {","                // try to eval input-code","                try {","                    /*jslint evil: true*/","                    eval(document.querySelector('#inputTextareaEval1').value);","                } catch (errorCaught) {","                    console.error(errorCaught);","                }","            }","        };","        // log stderr and stdout to #outputTextareaStdout1","        ['error', 'log'].forEach(function (key) {","            console[key + '_original'] = console[key];","            console[key] = function () {","                var element;","                console[key + '_original'].apply(console, arguments);","                element = document.querySelector('#outputTextareaStdout1');","                if (!element) {","                    return;","                }","                // append text to #outputTextareaStdout1","                element.value += Array.from(arguments).map(function (arg) {","                    return typeof arg === 'string'","                        ? arg","                        : JSON.stringify(arg, null, 4);","                }).join(' ') + '\\n';","                // scroll textarea to bottom","                element.scrollTop = element.scrollHeight;","            };","        });","        // init event-handling","        ['change', 'click', 'keyup'].forEach(function (event) {","            Array.from(document.querySelectorAll('.on' + event)).forEach(function (element) {","                element.addEventListener(event, local.testRunBrowser);","            });","        });","        // run tests","        local.testRunBrowser();","        break;","","","","    // run node js-env code - post-init","    /* istanbul ignore next */","    case 'node':","        // export local","        module.exports = local;","        // require modules","        local.fs = require('fs');","        local.http = require('http');","        local.url = require('url');","        // init assets","        local.assetsDict = local.assetsDict || {};","        /* jslint-ignore-begin */","        local.assetsDict['/assets.index.template.html'] = '\\","<!doctype html>\\n\\","<html lang=\"en\">\\n\\","<head>\\n\\","<meta charset=\"UTF-8\">\\n\\","<meta name=\"viewport\" content=\"width=device-width, initial-scale=1\">\\n\\","<title>{{env.npm_package_name}} (v{{env.npm_package_version}})</title>\\n\\","<style>\\n\\","/*csslint\\n\\","    box-sizing: false,\\n\\","    universal-selector: false\\n\\","*/\\n\\","* {\\n\\","    box-sizing: border-box;\\n\\","}\\n\\","body {\\n\\","    background: #dde;\\n\\","    font-family: Arial, Helvetica, sans-serif;\\n\\","    margin: 2rem;\\n\\","}\\n\\","body > * {\\n\\","    margin-bottom: 1rem;\\n\\","}\\n\\",".utility2FooterDiv {\\n\\","    margin-top: 20px;\\n\\","    text-align: center;\\n\\","}\\n\\","</style>\\n\\","<style>\\n\\","/*csslint\\n\\","*/\\n\\","textarea {\\n\\","    font-family: monospace;\\n\\","    height: 10rem;\\n\\","    width: 100%;\\n\\","}\\n\\","textarea[readonly] {\\n\\","    background: #ddd;\\n\\","}\\n\\","</style>\\n\\","</head>\\n\\","<body>\\n\\","<!-- utility2-comment\\n\\","<div id=\"ajaxProgressDiv1\" style=\"background: #d00; height: 2px; left: 0; margin: 0; padding: 0; position: fixed; top: 0; transition: background 0.5s, width 1.5s; width: 25%;\"></div>\\n\\","utility2-comment -->\\n\\","<h1>\\n\\","<!-- utility2-comment\\n\\","    <a\\n\\","        {{#if env.npm_package_homepage}}\\n\\","        href=\"{{env.npm_package_homepage}}\"\\n\\","        {{/if env.npm_package_homepage}}\\n\\","        target=\"_blank\"\\n\\","    >\\n\\","utility2-comment -->\\n\\","        {{env.npm_package_name}} (v{{env.npm_package_version}})\\n\\","<!-- utility2-comment\\n\\","    </a>\\n\\","utility2-comment -->\\n\\","</h1>\\n\\","<h3>{{env.npm_package_description}}</h3>\\n\\","<!-- utility2-comment\\n\\","<h4><a download href=\"assets.app.js\">download standalone app</a></h4>\\n\\","<button class=\"onclick onreset\" id=\"testRunButton1\">run internal test</button><br>\\n\\","<div id=\"testReportDiv1\" style=\"display: none;\"></div>\\n\\","utility2-comment -->\\n\\","\\n\\","\\n\\","\\n\\","<label>stderr and stdout</label>\\n\\","<textarea class=\"resettable\" id=\"outputTextareaStdout1\" readonly></textarea>\\n\\","<!-- utility2-comment\\n\\","{{#if isRollup}}\\n\\","<script src=\"assets.app.js\"></script>\\n\\","{{#unless isRollup}}\\n\\","utility2-comment -->\\n\\","<script src=\"assets.utility2.rollup.js\"></script>\\n\\","<script src=\"jsonp.utility2._stateInit?callback=window.utility2._stateInit\"></script>\\n\\","<script src=\"assets.npmtest_notie.rollup.js\"></script>\\n\\","<script src=\"assets.example.js\"></script>\\n\\","<script src=\"assets.test.js\"></script>\\n\\","<!-- utility2-comment\\n\\","{{/if isRollup}}\\n\\","utility2-comment -->\\n\\","<div class=\"utility2FooterDiv\">\\n\\","    [ this app was created with\\n\\","    <a href=\"https://github.com/kaizhu256/node-utility2\" target=\"_blank\">utility2</a>\\n\\","    ]\\n\\","</div>\\n\\","</body>\\n\\","</html>\\n\\","';","        /* jslint-ignore-end */","        if (local.templateRender) {","            local.assetsDict['/'] = local.templateRender(","                local.assetsDict['/assets.index.template.html'],","                {","                    env: local.objectSetDefault(local.env, {","                        npm_package_description: 'the greatest app in the world!',","                        npm_package_name: 'my-app',","                        npm_package_nameAlias: 'my_app',","                        npm_package_version: '0.0.1'","                    })","                }","            );","        } else {","            local.assetsDict['/'] = local.assetsDict['/assets.index.template.html']","                .replace((/\\{\\{env\\.(\\w+?)\\}\\}/g), function (match0, match1) {","                    // jslint-hack","                    String(match0);","                    switch (match1) {","                    case 'npm_package_description':","                        return 'the greatest app in the world!';","                    case 'npm_package_name':","                        return 'my-app';","                    case 'npm_package_nameAlias':","                        return 'my_app';","                    case 'npm_package_version':","                        return '0.0.1';","                    }","                });","        }","        // run the cli","        if (local.global.utility2_rollup || module !== require.main) {","            break;","        }","        local.assetsDict['/assets.example.js'] =","            local.assetsDict['/assets.example.js'] ||","            local.fs.readFileSync(__filename, 'utf8');","        // bug-workaround - long $npm_package_buildCustomOrg","        /* jslint-ignore-begin */","        local.assetsDict['/assets.npmtest_notie.rollup.js'] =","            local.assetsDict['/assets.npmtest_notie.rollup.js'] ||","            local.fs.readFileSync(","                local.npmtest_notie.__dirname + '/lib.npmtest_notie.js',","                'utf8'","            ).replace((/^#!/), '//');","        /* jslint-ignore-end */","        local.assetsDict['/favicon.ico'] = local.assetsDict['/favicon.ico'] || '';","        // if $npm_config_timeout_exit exists,","        // then exit this process after $npm_config_timeout_exit ms","        if (Number(process.env.npm_config_timeout_exit)) {","            setTimeout(process.exit, Number(process.env.npm_config_timeout_exit));","        }","        // start server","        if (local.global.utility2_serverHttp1) {","            break;","        }","        process.env.PORT = process.env.PORT || '8081';","        console.error('server starting on port ' + process.env.PORT);","        local.http.createServer(function (request, response) {","            request.urlParsed = local.url.parse(request.url);","            if (local.assetsDict[request.urlParsed.pathname] !== undefined) {","                response.end(local.assetsDict[request.urlParsed.pathname]);","                return;","            }","            response.statusCode = 404;","            response.end();","        }).listen(process.env.PORT);","        break;","    }","}());",""],"l":{"26":2,"28":2,"33":2,"35":2,"37":2,"38":2,"39":2,"44":1,"51":2,"55":2,"59":2,"61":2,"69":1,"70":2,"76":2,"79":2,"82":2,"83":2,"85":1,"89":2,"92":1,"93":1,"94":1,"96":1,"97":1,"100":1,"101":1,"103":1,"106":1,"108":2,"114":1,"116":1,"118":1,"123":1,"124":2,"125":2,"126":3,"127":3,"128":3,"129":3,"130":1,"133":3,"134":3,"139":3,"143":1,"144":3,"145":1,"149":1,"150":1,"158":1,"160":1,"161":1,"162":1,"164":1,"166":1,"258":1,"259":1,"271":1,"274":6,"275":6,"277":1,"279":2,"281":1,"283":2,"288":1,"289":1,"291":1,"296":1,"303":1,"306":1,"307":1,"310":1,"311":1,"313":1,"314":1,"315":1,"316":1,"317":1,"318":1,"319":1,"321":1,"322":1,"324":1}},"/home/travis/build/npmtest/node-npmtest-notie/node_modules/notie/dist/notie.min.js":{"path":"/home/travis/build/npmtest/node-npmtest-notie/node_modules/notie/dist/notie.min.js","s":{"1":1,"2":1,"3":1,"4":1,"5":2,"6":0,"7":2,"8":2,"9":1,"10":1,"11":0,"12":0,"13":0,"14":0,"15":0,"16":0,"17":0,"18":1,"19":1,"20":0,"21":0,"22":1,"23":1,"24":3,"25":0,"26":1,"27":1,"28":1,"29":1,"30":1,"31":0,"32":1,"33":1,"34":1,"35":1,"36":0,"37":0,"38":0,"39":0,"40":0,"41":0,"42":0,"43":1,"44":0,"45":0,"46":0,"47":0,"48":1,"49":1,"50":0,"51":0,"52":0,"53":0,"54":0,"55":0,"56":0,"57":0,"58":0,"59":0,"60":0,"61":0,"62":0,"63":0,"64":0,"65":0,"66":0,"67":0,"68":0,"69":0,"70":0,"71":0,"72":0,"73":0,"74":0,"75":0,"76":0,"77":0,"78":0,"79":0,"80":0,"81":0,"82":0,"83":0,"84":0,"85":0,"86":0,"87":0,"88":0,"89":0,"90":0,"91":0,"92":0,"93":0,"94":0,"95":0,"96":0,"97":0,"98":0,"99":0,"100":0,"101":0,"102":0,"103":0,"104":0,"105":0,"106":0,"107":0,"108":0,"109":0,"110":0,"111":0,"112":0,"113":0,"114":0,"115":0,"116":0,"117":0,"118":0,"119":0,"120":0,"121":0,"122":0,"123":0,"124":0,"125":0,"126":0,"127":0,"128":0,"129":0,"130":0,"131":0,"132":0,"133":0,"134":0,"135":0,"136":0,"137":0,"138":0,"139":0,"140":0,"141":1,"142":1,"143":0,"144":0,"145":0,"146":0,"147":0,"148":0,"149":0,"150":0,"151":0,"152":0,"153":0,"154":0,"155":0,"156":0,"157":0,"158":0,"159":0,"160":0,"161":0,"162":0,"163":0,"164":0,"165":0,"166":0,"167":0,"168":0,"169":0,"170":0,"171":0,"172":0,"173":0,"174":0,"175":0,"176":0,"177":0,"178":0,"179":0,"180":0,"181":0,"182":0,"183":0,"184":0,"185":0,"186":0,"187":0,"188":0,"189":0,"190":0,"191":0,"192":0,"193":0,"194":0,"195":0,"196":0,"197":0,"198":0,"199":0,"200":0,"201":0,"202":1},"b":{"1":[1,0],"2":[1,1],"3":[0,0],"4":[0,0],"5":[0,0],"6":[0,2],"7":[0,0],"8":[0,0],"9":[0,0],"10":[1,1],"11":[1,1],"12":[1,0],"13":[1,1],"14":[0,0],"15":[0,0,0,0],"16":[1,0],"17":[1,1],"18":[0,0],"19":[0,0],"20":[0,1],"21":[0,0],"22":[0,0],"23":[0,0],"24":[0,0,0],"25":[1,0],"26":[1,1],"27":[0,0],"28":[0,0],"29":[0,0,0,0],"30":[0,0],"31":[1,0],"32":[0,0],"33":[0,0],"34":[0,0],"35":[0,0],"36":[0,0],"37":[0,0],"38":[0,0],"39":[0,0,0],"40":[0,0],"41":[0,0],"42":[0,0],"43":[0,0],"44":[0,0],"45":[0,0],"46":[0,0],"47":[0,0],"48":[0,0,0],"49":[0,0,0],"50":[0,0,0],"51":[0,0],"52":[0,0],"53":[0,0],"54":[0,0],"55":[0,0],"56":[0,0],"57":[0,0],"58":[0,0],"59":[0,0],"60":[0,0],"61":[0,0],"62":[0,0],"63":[0,0],"64":[0,0],"65":[0,0],"66":[0,0],"67":[0,0],"68":[0,0],"69":[0,0],"70":[0,0],"71":[0,0],"72":[0,0],"73":[0,0],"74":[0,0],"75":[0,0],"76":[0,0],"77":[0,0],"78":[0,0],"79":[0,0],"80":[0,0],"81":[0,0],"82":[0,0],"83":[0,0],"84":[0,0],"85":[0,0],"86":[0,0],"87":[0,0],"88":[0,0],"89":[0,0],"90":[0,0],"91":[0,0],"92":[0,0],"93":[0,0],"94":[0,0],"95":[0,0],"96":[0,0],"97":[0,0],"98":[0,0],"99":[0,0],"100":[0,0],"101":[0,0],"102":[0,0],"103":[0,0,0],"104":[0,0,0],"105":[0,0],"106":[0,0],"107":[0,0],"108":[0,0],"109":[0,0],"110":[0,0],"111":[0,0],"112":[0,0],"113":[0,0],"114":[0,0],"115":[0,0],"116":[0,0],"117":[0,0],"118":[0,0],"119":[0,0],"120":[0,0],"121":[0,0],"122":[0,0]},"f":{"1":1,"2":1,"3":1,"4":2,"5":0,"6":0,"7":0,"8":0,"9":0,"10":0,"11":1,"12":1,"13":0,"14":0,"15":0,"16":1,"17":1,"18":3,"19":0,"20":1,"21":1,"22":1,"23":1,"24":0,"25":0,"26":0,"27":0,"28":0,"29":0,"30":1,"31":0,"32":0,"33":0,"34":0,"35":0,"36":0,"37":0,"38":0,"39":0,"40":0,"41":0,"42":0,"43":0,"44":0,"45":0,"46":0,"47":0,"48":0,"49":0,"50":0,"51":0,"52":0,"53":0,"54":0,"55":0,"56":0,"57":0,"58":0,"59":0,"60":0,"61":0,"62":0,"63":0,"64":0,"65":0,"66":0,"67":0,"68":0,"69":0,"70":0,"71":0,"72":0,"73":0,"74":0,"75":0,"76":0,"77":0,"78":0,"79":0,"80":0,"81":0,"82":0,"83":0,"84":0,"85":0,"86":0,"87":0,"88":0,"89":0,"90":0,"91":0,"92":0,"93":0,"94":0},"fnMap":{"1":{"name":"(anonymous_1)","line":1,"loc":{"start":{"line":1,"column":1},"end":{"line":1,"column":14}}},"2":{"name":"(anonymous_2)","line":1,"loc":{"start":{"line":1,"column":196},"end":{"line":1,"column":206}}},"3":{"name":"(anonymous_3)","line":1,"loc":{"start":{"line":1,"column":214},"end":{"line":1,"column":225}}},"4":{"name":"t","line":1,"loc":{"start":{"line":1,"column":226},"end":{"line":1,"column":239}}},"5":{"name":"(anonymous_5)","line":1,"loc":{"start":{"line":1,"column":392},"end":{"line":1,"column":403}}},"6":{"name":"(anonymous_6)","line":1,"loc":{"start":{"line":1,"column":418},"end":{"line":1,"column":433}}},"7":{"name":"(anonymous_7)","line":1,"loc":{"start":{"line":1,"column":514},"end":{"line":1,"column":525}}},"8":{"name":"(anonymous_8)","line":1,"loc":{"start":{"line":1,"column":548},"end":{"line":1,"column":558}}},"9":{"name":"(anonymous_9)","line":1,"loc":{"start":{"line":1,"column":577},"end":{"line":1,"column":587}}},"10":{"name":"(anonymous_10)","line":1,"loc":{"start":{"line":1,"column":625},"end":{"line":1,"column":638}}},"11":{"name":"(anonymous_11)","line":1,"loc":{"start":{"line":1,"column":707},"end":{"line":1,"column":720}}},"12":{"name":"(anonymous_12)","line":1,"loc":{"start":{"line":1,"column":731},"end":{"line":1,"column":742}}},"13":{"name":"(anonymous_13)","line":1,"loc":{"start":{"line":1,"column":782},"end":{"line":1,"column":792}}},"14":{"name":"(anonymous_14)","line":1,"loc":{"start":{"line":1,"column":886},"end":{"line":1,"column":896}}},"15":{"name":"(anonymous_15)","line":1,"loc":{"start":{"line":1,"column":959},"end":{"line":1,"column":969}}},"16":{"name":"(anonymous_16)","line":1,"loc":{"start":{"line":1,"column":1009},"end":{"line":1,"column":1024}}},"17":{"name":"(anonymous_17)","line":1,"loc":{"start":{"line":1,"column":1039},"end":{"line":1,"column":1050}}},"18":{"name":"(anonymous_18)","line":1,"loc":{"start":{"line":1,"column":1123},"end":{"line":1,"column":1134}}},"19":{"name":"(anonymous_19)","line":1,"loc":{"start":{"line":1,"column":1152},"end":{"line":1,"column":1163}}},"20":{"name":"(anonymous_20)","line":1,"loc":{"start":{"line":1,"column":1266},"end":{"line":1,"column":1279}}},"21":{"name":"(anonymous_21)","line":1,"loc":{"start":{"line":1,"column":1413},"end":{"line":1,"column":1423}}},"22":{"name":"(anonymous_22)","line":1,"loc":{"start":{"line":1,"column":1431},"end":{"line":1,"column":1442}}},"23":{"name":"t","line":1,"loc":{"start":{"line":1,"column":1443},"end":{"line":1,"column":1456}}},"24":{"name":"(anonymous_24)","line":1,"loc":{"start":{"line":1,"column":1609},"end":{"line":1,"column":1620}}},"25":{"name":"(anonymous_25)","line":1,"loc":{"start":{"line":1,"column":1635},"end":{"line":1,"column":1650}}},"26":{"name":"(anonymous_26)","line":1,"loc":{"start":{"line":1,"column":1731},"end":{"line":1,"column":1742}}},"27":{"name":"(anonymous_27)","line":1,"loc":{"start":{"line":1,"column":1765},"end":{"line":1,"column":1775}}},"28":{"name":"(anonymous_28)","line":1,"loc":{"start":{"line":1,"column":1794},"end":{"line":1,"column":1804}}},"29":{"name":"(anonymous_29)","line":1,"loc":{"start":{"line":1,"column":1842},"end":{"line":1,"column":1855}}},"30":{"name":"(anonymous_30)","line":1,"loc":{"start":{"line":1,"column":1924},"end":{"line":1,"column":1939}}},"31":{"name":"s","line":1,"loc":{"start":{"line":1,"column":1940},"end":{"line":1,"column":1955}}},"32":{"name":"(anonymous_32)","line":1,"loc":{"start":{"line":1,"column":2173},"end":{"line":1,"column":2184}}},"33":{"name":"(anonymous_33)","line":1,"loc":{"start":{"line":1,"column":2231},"end":{"line":1,"column":2242}}},"34":{"name":"(anonymous_34)","line":1,"loc":{"start":{"line":1,"column":2391},"end":{"line":1,"column":2402}}},"35":{"name":"(anonymous_35)","line":1,"loc":{"start":{"line":1,"column":3637},"end":{"line":1,"column":3648}}},"36":{"name":"(anonymous_36)","line":1,"loc":{"start":{"line":1,"column":3762},"end":{"line":1,"column":3772}}},"37":{"name":"(anonymous_37)","line":1,"loc":{"start":{"line":1,"column":3792},"end":{"line":1,"column":3803}}},"38":{"name":"(anonymous_38)","line":1,"loc":{"start":{"line":1,"column":3832},"end":{"line":1,"column":3843}}},"39":{"name":"(anonymous_39)","line":1,"loc":{"start":{"line":1,"column":3863},"end":{"line":1,"column":3874}}},"40":{"name":"(anonymous_40)","line":1,"loc":{"start":{"line":1,"column":3907},"end":{"line":1,"column":3917}}},"41":{"name":"(anonymous_41)","line":1,"loc":{"start":{"line":1,"column":3975},"end":{"line":1,"column":3985}}},"42":{"name":"(anonymous_42)","line":1,"loc":{"start":{"line":1,"column":4047},"end":{"line":1,"column":4058}}},"43":{"name":"(anonymous_43)","line":1,"loc":{"start":{"line":1,"column":4465},"end":{"line":1,"column":4475}}},"44":{"name":"(anonymous_44)","line":1,"loc":{"start":{"line":1,"column":4555},"end":{"line":1,"column":4566}}},"45":{"name":"(anonymous_45)","line":1,"loc":{"start":{"line":1,"column":4592},"end":{"line":1,"column":4603}}},"46":{"name":"(anonymous_46)","line":1,"loc":{"start":{"line":1,"column":4629},"end":{"line":1,"column":4642}}},"47":{"name":"(anonymous_47)","line":1,"loc":{"start":{"line":1,"column":4833},"end":{"line":1,"column":4843}}},"48":{"name":"(anonymous_48)","line":1,"loc":{"start":{"line":1,"column":4885},"end":{"line":1,"column":4898}}},"49":{"name":"(anonymous_49)","line":1,"loc":{"start":{"line":1,"column":5061},"end":{"line":1,"column":5071}}},"50":{"name":"(anonymous_50)","line":1,"loc":{"start":{"line":1,"column":5120},"end":{"line":1,"column":5133}}},"51":{"name":"(anonymous_51)","line":1,"loc":{"start":{"line":1,"column":5324},"end":{"line":1,"column":5334}}},"52":{"name":"(anonymous_52)","line":1,"loc":{"start":{"line":1,"column":5389},"end":{"line":1,"column":5399}}},"53":{"name":"(anonymous_53)","line":1,"loc":{"start":{"line":1,"column":5461},"end":{"line":1,"column":5471}}},"54":{"name":"(anonymous_54)","line":1,"loc":{"start":{"line":1,"column":5564},"end":{"line":1,"column":5574}}},"55":{"name":"(anonymous_55)","line":1,"loc":{"start":{"line":1,"column":5635},"end":{"line":1,"column":5646}}},"56":{"name":"(anonymous_56)","line":1,"loc":{"start":{"line":1,"column":5805},"end":{"line":1,"column":5815}}},"57":{"name":"(anonymous_57)","line":1,"loc":{"start":{"line":1,"column":5841},"end":{"line":1,"column":5852}}},"58":{"name":"(anonymous_58)","line":1,"loc":{"start":{"line":1,"column":6242},"end":{"line":1,"column":6252}}},"59":{"name":"(anonymous_59)","line":1,"loc":{"start":{"line":1,"column":6279},"end":{"line":1,"column":6290}}},"60":{"name":"(anonymous_60)","line":1,"loc":{"start":{"line":1,"column":6348},"end":{"line":1,"column":6358}}},"61":{"name":"(anonymous_61)","line":1,"loc":{"start":{"line":1,"column":6386},"end":{"line":1,"column":6399}}},"62":{"name":"(anonymous_62)","line":1,"loc":{"start":{"line":1,"column":6892},"end":{"line":1,"column":6902}}},"63":{"name":"(anonymous_63)","line":1,"loc":{"start":{"line":1,"column":6973},"end":{"line":1,"column":6984}}},"64":{"name":"(anonymous_64)","line":1,"loc":{"start":{"line":1,"column":7026},"end":{"line":1,"column":7041}}},"65":{"name":"(anonymous_65)","line":1,"loc":{"start":{"line":1,"column":7637},"end":{"line":1,"column":7647}}},"66":{"name":"(anonymous_66)","line":1,"loc":{"start":{"line":1,"column":7849},"end":{"line":1,"column":7859}}},"67":{"name":"(anonymous_67)","line":1,"loc":{"start":{"line":1,"column":7947},"end":{"line":1,"column":7958}}},"68":{"name":"(anonymous_68)","line":1,"loc":{"start":{"line":1,"column":8008},"end":{"line":1,"column":8023}}},"69":{"name":"(anonymous_69)","line":1,"loc":{"start":{"line":1,"column":9237},"end":{"line":1,"column":9247}}},"70":{"name":"(anonymous_70)","line":1,"loc":{"start":{"line":1,"column":9710},"end":{"line":1,"column":9720}}},"71":{"name":"(anonymous_71)","line":1,"loc":{"start":{"line":1,"column":9936},"end":{"line":1,"column":9946}}},"72":{"name":"(anonymous_72)","line":1,"loc":{"start":{"line":1,"column":10065},"end":{"line":1,"column":10076}}},"73":{"name":"(anonymous_73)","line":1,"loc":{"start":{"line":1,"column":10159},"end":{"line":1,"column":10172}}},"74":{"name":"(anonymous_74)","line":1,"loc":{"start":{"line":1,"column":10573},"end":{"line":1,"column":10586}}},"75":{"name":"(anonymous_75)","line":1,"loc":{"start":{"line":1,"column":10889},"end":{"line":1,"column":10899}}},"76":{"name":"(anonymous_76)","line":1,"loc":{"start":{"line":1,"column":11074},"end":{"line":1,"column":11084}}},"77":{"name":"(anonymous_77)","line":1,"loc":{"start":{"line":1,"column":11138},"end":{"line":1,"column":11149}}},"78":{"name":"(anonymous_78)","line":1,"loc":{"start":{"line":1,"column":11191},"end":{"line":1,"column":11206}}},"79":{"name":"(anonymous_79)","line":1,"loc":{"start":{"line":1,"column":11530},"end":{"line":1,"column":11541}}},"80":{"name":"(anonymous_80)","line":1,"loc":{"start":{"line":1,"column":11636},"end":{"line":1,"column":11647}}},"81":{"name":"(anonymous_81)","line":1,"loc":{"start":{"line":1,"column":11878},"end":{"line":1,"column":11889}}},"82":{"name":"(anonymous_82)","line":1,"loc":{"start":{"line":1,"column":12018},"end":{"line":1,"column":12029}}},"83":{"name":"(anonymous_83)","line":1,"loc":{"start":{"line":1,"column":12038},"end":{"line":1,"column":12049}}},"84":{"name":"(anonymous_84)","line":1,"loc":{"start":{"line":1,"column":12174},"end":{"line":1,"column":12185}}},"85":{"name":"(anonymous_85)","line":1,"loc":{"start":{"line":1,"column":12219},"end":{"line":1,"column":12230}}},"86":{"name":"(anonymous_86)","line":1,"loc":{"start":{"line":1,"column":13907},"end":{"line":1,"column":13917}}},"87":{"name":"(anonymous_87)","line":1,"loc":{"start":{"line":1,"column":13941},"end":{"line":1,"column":13951}}},"88":{"name":"(anonymous_88)","line":1,"loc":{"start":{"line":1,"column":13975},"end":{"line":1,"column":13985}}},"89":{"name":"(anonymous_89)","line":1,"loc":{"start":{"line":1,"column":14009},"end":{"line":1,"column":14019}}},"90":{"name":"(anonymous_90)","line":1,"loc":{"start":{"line":1,"column":14044},"end":{"line":1,"column":14054}}},"91":{"name":"(anonymous_91)","line":1,"loc":{"start":{"line":1,"column":14079},"end":{"line":1,"column":14089}}},"92":{"name":"(anonymous_92)","line":1,"loc":{"start":{"line":1,"column":14282},"end":{"line":1,"column":14292}}},"93":{"name":"(anonymous_93)","line":1,"loc":{"start":{"line":1,"column":14496},"end":{"line":1,"column":14506}}},"94":{"name":"(anonymous_94)","line":1,"loc":{"start":{"line":1,"column":14766},"end":{"line":1,"column":14777}}}},"statementMap":{"1":{"start":{"line":1,"column":0},"end":{"line":1,"column":14941}},"2":{"start":{"line":1,"column":15},"end":{"line":1,"column":189}},"3":{"start":{"line":1,"column":207},"end":{"line":1,"column":14938}},"4":{"start":{"line":1,"column":226},"end":{"line":1,"column":360}},"5":{"start":{"line":1,"column":240},"end":{"line":1,"column":268}},"6":{"start":{"line":1,"column":248},"end":{"line":1,"column":268}},"7":{"start":{"line":1,"column":268},"end":{"line":1,"column":301}},"8":{"start":{"line":1,"column":301},"end":{"line":1,"column":359}},"9":{"start":{"line":1,"column":360},"end":{"line":1,"column":369}},"10":{"start":{"line":1,"column":369},"end":{"line":1,"column":704}},"11":{"start":{"line":1,"column":404},"end":{"line":1,"column":412}},"12":{"start":{"line":1,"column":434},"end":{"line":1,"column":508}},"13":{"start":{"line":1,"column":526},"end":{"line":1,"column":598}},"14":{"start":{"line":1,"column":559},"end":{"line":1,"column":575}},"15":{"start":{"line":1,"column":588},"end":{"line":1,"column":596}},"16":{"start":{"line":1,"column":598},"end":{"line":1,"column":619}},"17":{"start":{"line":1,"column":639},"end":{"line":1,"column":687}},"18":{"start":{"line":1,"column":721},"end":{"line":1,"column":1007}},"19":{"start":{"line":1,"column":743},"end":{"line":1,"column":1006}},"20":{"start":{"line":1,"column":897},"end":{"line":1,"column":907}},"21":{"start":{"line":1,"column":970},"end":{"line":1,"column":980}},"22":{"start":{"line":1,"column":1038},"end":{"line":1,"column":14935}},"23":{"start":{"line":1,"column":1051},"end":{"line":1,"column":1265}},"24":{"start":{"line":1,"column":1135},"end":{"line":1,"column":1150}},"25":{"start":{"line":1,"column":1164},"end":{"line":1,"column":1263}},"26":{"start":{"line":1,"column":1265},"end":{"line":1,"column":14917}},"27":{"start":{"line":1,"column":1280},"end":{"line":1,"column":1404}},"28":{"start":{"line":1,"column":1424},"end":{"line":1,"column":14915}},"29":{"start":{"line":1,"column":1443},"end":{"line":1,"column":1577}},"30":{"start":{"line":1,"column":1457},"end":{"line":1,"column":1485}},"31":{"start":{"line":1,"column":1465},"end":{"line":1,"column":1485}},"32":{"start":{"line":1,"column":1485},"end":{"line":1,"column":1518}},"33":{"start":{"line":1,"column":1518},"end":{"line":1,"column":1576}},"34":{"start":{"line":1,"column":1577},"end":{"line":1,"column":1586}},"35":{"start":{"line":1,"column":1586},"end":{"line":1,"column":1921}},"36":{"start":{"line":1,"column":1621},"end":{"line":1,"column":1629}},"37":{"start":{"line":1,"column":1651},"end":{"line":1,"column":1725}},"38":{"start":{"line":1,"column":1743},"end":{"line":1,"column":1815}},"39":{"start":{"line":1,"column":1776},"end":{"line":1,"column":1792}},"40":{"start":{"line":1,"column":1805},"end":{"line":1,"column":1813}},"41":{"start":{"line":1,"column":1815},"end":{"line":1,"column":1836}},"42":{"start":{"line":1,"column":1856},"end":{"line":1,"column":1904}},"43":{"start":{"line":1,"column":1940},"end":{"line":1,"column":2061}},"44":{"start":{"line":1,"column":1956},"end":{"line":1,"column":1965}},"45":{"start":{"line":1,"column":1965},"end":{"line":1,"column":2052}},"46":{"start":{"line":1,"column":1980},"end":{"line":1,"column":2052}},"47":{"start":{"line":1,"column":2052},"end":{"line":1,"column":2060}},"48":{"start":{"line":1,"column":2061},"end":{"line":1,"column":2110}},"49":{"start":{"line":1,"column":2110},"end":{"line":1,"column":10134}},"50":{"start":{"line":1,"column":2185},"end":{"line":1,"column":2229}},"51":{"start":{"line":1,"column":2243},"end":{"line":1,"column":2372}},"52":{"start":{"line":1,"column":2403},"end":{"line":1,"column":2528}},"53":{"start":{"line":1,"column":2439},"end":{"line":1,"column":2458}},"54":{"start":{"line":1,"column":2458},"end":{"line":1,"column":2527}},"55":{"start":{"line":1,"column":2473},"end":{"line":1,"column":2527}},"56":{"start":{"line":1,"column":2528},"end":{"line":1,"column":2536}},"57":{"start":{"line":1,"column":3649},"end":{"line":1,"column":3758}},"58":{"start":{"line":1,"column":3773},"end":{"line":1,"column":3828}},"59":{"start":{"line":1,"column":3804},"end":{"line":1,"column":3826}},"60":{"start":{"line":1,"column":3844},"end":{"line":1,"column":3903}},"61":{"start":{"line":1,"column":3875},"end":{"line":1,"column":3901}},"62":{"start":{"line":1,"column":3918},"end":{"line":1,"column":3971}},"63":{"start":{"line":1,"column":3986},"end":{"line":1,"column":4126}},"64":{"start":{"line":1,"column":4059},"end":{"line":1,"column":4102}},"65":{"start":{"line":1,"column":4102},"end":{"line":1,"column":4123}},"66":{"start":{"line":1,"column":4126},"end":{"line":1,"column":4142}},"67":{"start":{"line":1,"column":4476},"end":{"line":1,"column":4551}},"68":{"start":{"line":1,"column":4567},"end":{"line":1,"column":4588}},"69":{"start":{"line":1,"column":4604},"end":{"line":1,"column":4625}},"70":{"start":{"line":1,"column":4643},"end":{"line":1,"column":4881}},"71":{"start":{"line":1,"column":4844},"end":{"line":1,"column":4879}},"72":{"start":{"line":1,"column":4899},"end":{"line":1,"column":4932}},"73":{"start":{"line":1,"column":4932},"end":{"line":1,"column":5116}},"74":{"start":{"line":1,"column":5072},"end":{"line":1,"column":5113}},"75":{"start":{"line":1,"column":5134},"end":{"line":1,"column":5170}},"76":{"start":{"line":1,"column":5170},"end":{"line":1,"column":5457}},"77":{"start":{"line":1,"column":5335},"end":{"line":1,"column":5348}},"78":{"start":{"line":1,"column":5400},"end":{"line":1,"column":5455}},"79":{"start":{"line":1,"column":5472},"end":{"line":1,"column":5517}},"80":{"start":{"line":1,"column":5517},"end":{"line":1,"column":5618}},"81":{"start":{"line":1,"column":5575},"end":{"line":1,"column":5616}},"82":{"start":{"line":1,"column":5647},"end":{"line":1,"column":5702}},"83":{"start":{"line":1,"column":5702},"end":{"line":1,"column":5829}},"84":{"start":{"line":1,"column":5715},"end":{"line":1,"column":5773}},"85":{"start":{"line":1,"column":5743},"end":{"line":1,"column":5754}},"86":{"start":{"line":1,"column":5754},"end":{"line":1,"column":5772}},"87":{"start":{"line":1,"column":5773},"end":{"line":1,"column":5828}},"88":{"start":{"line":1,"column":5816},"end":{"line":1,"column":5826}},"89":{"start":{"line":1,"column":5853},"end":{"line":1,"column":6006}},"90":{"start":{"line":1,"column":6006},"end":{"line":1,"column":6014}},"91":{"start":{"line":1,"column":6014},"end":{"line":1,"column":6056}},"92":{"start":{"line":1,"column":6056},"end":{"line":1,"column":6374}},"93":{"start":{"line":1,"column":6253},"end":{"line":1,"column":6266}},"94":{"start":{"line":1,"column":6291},"end":{"line":1,"column":6308}},"95":{"start":{"line":1,"column":6359},"end":{"line":1,"column":6372}},"96":{"start":{"line":1,"column":6400},"end":{"line":1,"column":6540}},"97":{"start":{"line":1,"column":6540},"end":{"line":1,"column":6548}},"98":{"start":{"line":1,"column":6548},"end":{"line":1,"column":6590}},"99":{"start":{"line":1,"column":6590},"end":{"line":1,"column":6597}},"100":{"start":{"line":1,"column":6597},"end":{"line":1,"column":6633}},"101":{"start":{"line":1,"column":6633},"end":{"line":1,"column":6776}},"102":{"start":{"line":1,"column":6776},"end":{"line":1,"column":6812}},"103":{"start":{"line":1,"column":6812},"end":{"line":1,"column":7012}},"104":{"start":{"line":1,"column":6903},"end":{"line":1,"column":6926}},"105":{"start":{"line":1,"column":6985},"end":{"line":1,"column":7000}},"106":{"start":{"line":1,"column":7042},"end":{"line":1,"column":7223}},"107":{"start":{"line":1,"column":7223},"end":{"line":1,"column":7231}},"108":{"start":{"line":1,"column":7231},"end":{"line":1,"column":7273}},"109":{"start":{"line":1,"column":7273},"end":{"line":1,"column":7280}},"110":{"start":{"line":1,"column":7280},"end":{"line":1,"column":7316}},"111":{"start":{"line":1,"column":7316},"end":{"line":1,"column":7459}},"112":{"start":{"line":1,"column":7459},"end":{"line":1,"column":7495}},"113":{"start":{"line":1,"column":7495},"end":{"line":1,"column":7673}},"114":{"start":{"line":1,"column":7648},"end":{"line":1,"column":7671}},"115":{"start":{"line":1,"column":7673},"end":{"line":1,"column":7709}},"116":{"start":{"line":1,"column":7709},"end":{"line":1,"column":8004}},"117":{"start":{"line":1,"column":7860},"end":{"line":1,"column":7883}},"118":{"start":{"line":1,"column":7959},"end":{"line":1,"column":7989}},"119":{"start":{"line":1,"column":8024},"end":{"line":1,"column":8293}},"120":{"start":{"line":1,"column":8293},"end":{"line":1,"column":8301}},"121":{"start":{"line":1,"column":8301},"end":{"line":1,"column":8343}},"122":{"start":{"line":1,"column":8343},"end":{"line":1,"column":8350}},"123":{"start":{"line":1,"column":8350},"end":{"line":1,"column":8386}},"124":{"start":{"line":1,"column":8386},"end":{"line":1,"column":8529}},"125":{"start":{"line":1,"column":8529},"end":{"line":1,"column":8567}},"126":{"start":{"line":1,"column":8567},"end":{"line":1,"column":9532}},"127":{"start":{"line":1,"column":9248},"end":{"line":1,"column":9261}},"128":{"start":{"line":1,"column":9261},"end":{"line":1,"column":9500}},"129":{"start":{"line":1,"column":9290},"end":{"line":1,"column":9428}},"130":{"start":{"line":1,"column":9334},"end":{"line":1,"column":9428}},"131":{"start":{"line":1,"column":9428},"end":{"line":1,"column":9456}},"132":{"start":{"line":1,"column":9461},"end":{"line":1,"column":9500}},"133":{"start":{"line":1,"column":9500},"end":{"line":1,"column":9529}},"134":{"start":{"line":1,"column":9532},"end":{"line":1,"column":9568}},"135":{"start":{"line":1,"column":9568},"end":{"line":1,"column":9760}},"136":{"start":{"line":1,"column":9721},"end":{"line":1,"column":9758}},"137":{"start":{"line":1,"column":9760},"end":{"line":1,"column":9796}},"138":{"start":{"line":1,"column":9796},"end":{"line":1,"column":10132}},"139":{"start":{"line":1,"column":9947},"end":{"line":1,"column":9984}},"140":{"start":{"line":1,"column":10077},"end":{"line":1,"column":10107}},"141":{"start":{"line":1,"column":10134},"end":{"line":1,"column":10144}},"142":{"start":{"line":1,"column":10144},"end":{"line":1,"column":14825}},"143":{"start":{"line":1,"column":10173},"end":{"line":1,"column":10310}},"144":{"start":{"line":1,"column":10310},"end":{"line":1,"column":10318}},"145":{"start":{"line":1,"column":10318},"end":{"line":1,"column":10360}},"146":{"start":{"line":1,"column":10360},"end":{"line":1,"column":10367}},"147":{"start":{"line":1,"column":10367},"end":{"line":1,"column":10403}},"148":{"start":{"line":1,"column":10403},"end":{"line":1,"column":10935}},"149":{"start":{"line":1,"column":10587},"end":{"line":1,"column":10670}},"150":{"start":{"line":1,"column":10670},"end":{"line":1,"column":10766}},"151":{"start":{"line":1,"column":10766},"end":{"line":1,"column":10779}},"152":{"start":{"line":1,"column":10779},"end":{"line":1,"column":10932}},"153":{"start":{"line":1,"column":10900},"end":{"line":1,"column":10914}},"154":{"start":{"line":1,"column":10935},"end":{"line":1,"column":10971}},"155":{"start":{"line":1,"column":10971},"end":{"line":1,"column":11180}},"156":{"start":{"line":1,"column":11085},"end":{"line":1,"column":11108}},"157":{"start":{"line":1,"column":11150},"end":{"line":1,"column":11165}},"158":{"start":{"line":1,"column":11207},"end":{"line":1,"column":11409}},"159":{"start":{"line":1,"column":11409},"end":{"line":1,"column":11417}},"160":{"start":{"line":1,"column":11417},"end":{"line":1,"column":12353}},"161":{"start":{"line":1,"column":11542},"end":{"line":1,"column":11632}},"162":{"start":{"line":1,"column":11648},"end":{"line":1,"column":11780}},"163":{"start":{"line":1,"column":11780},"end":{"line":1,"column":11874}},"164":{"start":{"line":1,"column":11890},"end":{"line":1,"column":11967}},"165":{"start":{"line":1,"column":11967},"end":{"line":1,"column":12014}},"166":{"start":{"line":1,"column":12030},"end":{"line":1,"column":12034}},"167":{"start":{"line":1,"column":12050},"end":{"line":1,"column":12111}},"168":{"start":{"line":1,"column":12111},"end":{"line":1,"column":12170}},"169":{"start":{"line":1,"column":12186},"end":{"line":1,"column":12215}},"170":{"start":{"line":1,"column":12231},"end":{"line":1,"column":12255}},"171":{"start":{"line":1,"column":12255},"end":{"line":1,"column":12313}},"172":{"start":{"line":1,"column":12353},"end":{"line":1,"column":12360}},"173":{"start":{"line":1,"column":12360},"end":{"line":1,"column":12396}},"174":{"start":{"line":1,"column":12396},"end":{"line":1,"column":12438}},"175":{"start":{"line":1,"column":12438},"end":{"line":1,"column":12474}},"176":{"start":{"line":1,"column":12474},"end":{"line":1,"column":12519}},"177":{"start":{"line":1,"column":12519},"end":{"line":1,"column":12555}},"178":{"start":{"line":1,"column":12555},"end":{"line":1,"column":12685}},"179":{"start":{"line":1,"column":12685},"end":{"line":1,"column":12721}},"180":{"start":{"line":1,"column":12721},"end":{"line":1,"column":12851}},"181":{"start":{"line":1,"column":12851},"end":{"line":1,"column":12887}},"182":{"start":{"line":1,"column":12887},"end":{"line":1,"column":13525}},"183":{"start":{"line":1,"column":13525},"end":{"line":1,"column":13561}},"184":{"start":{"line":1,"column":13561},"end":{"line":1,"column":13649}},"185":{"start":{"line":1,"column":13649},"end":{"line":1,"column":13685}},"186":{"start":{"line":1,"column":13685},"end":{"line":1,"column":13773}},"187":{"start":{"line":1,"column":13773},"end":{"line":1,"column":13809}},"188":{"start":{"line":1,"column":13809},"end":{"line":1,"column":14104}},"189":{"start":{"line":1,"column":13918},"end":{"line":1,"column":13929}},"190":{"start":{"line":1,"column":13952},"end":{"line":1,"column":13963}},"191":{"start":{"line":1,"column":13986},"end":{"line":1,"column":13997}},"192":{"start":{"line":1,"column":14020},"end":{"line":1,"column":14032}},"193":{"start":{"line":1,"column":14055},"end":{"line":1,"column":14067}},"194":{"start":{"line":1,"column":14090},"end":{"line":1,"column":14102}},"195":{"start":{"line":1,"column":14104},"end":{"line":1,"column":14140}},"196":{"start":{"line":1,"column":14140},"end":{"line":1,"column":14320}},"197":{"start":{"line":1,"column":14293},"end":{"line":1,"column":14318}},"198":{"start":{"line":1,"column":14320},"end":{"line":1,"column":14356}},"199":{"start":{"line":1,"column":14356},"end":{"line":1,"column":14823}},"200":{"start":{"line":1,"column":14507},"end":{"line":1,"column":14532}},"201":{"start":{"line":1,"column":14778},"end":{"line":1,"column":14808}},"202":{"start":{"line":1,"column":14825},"end":{"line":1,"column":14912}}},"branchMap":{"1":{"line":1,"type":"cond-expr","locations":[{"start":{"line":1,"column":65},"end":{"line":1,"column":83}},{"start":{"line":1,"column":84},"end":{"line":1,"column":189}}]},"2":{"line":1,"type":"binary-expr","locations":[{"start":{"line":1,"column":15},"end":{"line":1,"column":39}},{"start":{"line":1,"column":41},"end":{"line":1,"column":64}}]},"3":{"line":1,"type":"cond-expr","locations":[{"start":{"line":1,"column":122},"end":{"line":1,"column":134}},{"start":{"line":1,"column":135},"end":{"line":1,"column":189}}]},"4":{"line":1,"type":"binary-expr","locations":[{"start":{"line":1,"column":84},"end":{"line":1,"column":109}},{"start":{"line":1,"column":111},"end":{"line":1,"column":121}}]},"5":{"line":1,"type":"cond-expr","locations":[{"start":{"line":1,"column":160},"end":{"line":1,"column":177}},{"start":{"line":1,"column":178},"end":{"line":1,"column":189}}]},"6":{"line":1,"type":"if","locations":[{"start":{"line":1,"column":240},"end":{"line":1,"column":240}},{"start":{"line":1,"column":240},"end":{"line":1,"column":240}}]},"7":{"line":1,"type":"binary-expr","locations":[{"start":{"line":1,"column":434},"end":{"line":1,"column":442}},{"start":{"line":1,"column":444},"end":{"line":1,"column":508}}]},"8":{"line":1,"type":"cond
[...]
098},"end":{"line":1,"column":10107}}]},"99":{"line":1,"type":"cond-expr","locations":[{"start":{"line":1,"column":10214},"end":{"line":1,"column":10222}},{"start":{"line":1,"column":10223},"end":{"line":1,"column":10224}}]},"100":{"line":1,"type":"cond-expr","locations":[{"start":{"line":1,"column":10282},"end":{"line":1,"column":10307}},{"start":{"line":1,"column":10308},"end":{"line":1,"column":10309}}]},"101":{"line":1,"type":"binary-expr","locations":[{"start":{"line":1,"column":10282},"end":{"line":1,"column":10300}},{"start":{"line":1,"column":10302},"end":{"line":1,"column":10307}}]},"102":{"line":1,"type":"cond-expr","locations":[{"start":{"line":1,"column":10613},"end":{"line":1,"column":10614}},{"start":{"line":1,"column":10615},"end":{"line":1,"column":10616}}]},"103":{"line":1,"type":"binary-expr","locations":[{"start":{"line":1,"column":10779},"end":{"line":1,"column":10780}},{"start":{"line":1,"column":10782},"end":{"line":1,"column":10789}},{"start":{"line":1,"column":10792},"end":{"line":1,"column":10800}}]},"104":{"line":1,"type":"binary-expr","locations":[{"start":{"line":1,"column":10802},"end":{"line":1,"column":10803}},{"start":{"line":1,"column":10805},"end":{"line":1,"column":10815}},{"start":{"line":1,"column":10817},"end":{"line":1,"column":10864}}]},"105":{"line":1,"type":"cond-expr","locations":[{"start":{"line":1,"column":11098},"end":{"line":1,"column":11101}},{"start":{"line":1,"column":11102},"end":{"line":1,"column":11108}}]},"106":{"line":1,"type":"binary-expr","locations":[{"start":{"line":1,"column":11102},"end":{"line":1,"column":11103}},{"start":{"line":1,"column":11105},"end":{"line":1,"column":11108}}]},"107":{"line":1,"type":"binary-expr","locations":[{"start":{"line":1,"column":11150},"end":{"line":1,"column":11154}},{"start":{"line":1,"column":11156},"end":{"line":1,"column":11165}}]},"108":{"line":1,"type":"cond-expr","locations":[{"start":{"line":1,"column":11234},"end":{"line":1,"column":11242}},{"start":{"line":1,"column":11243},"end":{"line":1,"column":11244}}]},"109":{"line":1,"type":"cond-expr","locations":[{"start":{"line":1,"column":11273},"end":{"line":1,"column":11277}},{"start":{"line":1,"column":11278},"end":{"line":1,"column":11279}}]},"110":{"line":1,"type":"cond-expr","locations":[{"start":{"line":1,"column":11308},"end":{"line":1,"column":11316}},{"start":{"line":1,"column":11317},"end":{"line":1,"column":11318}}]},"111":{"line":1,"type":"cond-expr","locations":[{"start":{"line":1,"column":11383},"end":{"line":1,"column":11406}},{"start":{"line":1,"column":11407},"end":{"line":1,"column":11408}}]},"112":{"line":1,"type":"binary-expr","locations":[{"start":{"line":1,"column":11383},"end":{"line":1,"column":11399}},{"start":{"line":1,"column":11401},"end":{"line":1,"column":11406}}]},"113":{"line":1,"type":"binary-expr","locations":[{"start":{"line":1,"column":11780},"end":{"line":1,"column":11791}},{"start":{"line":1,"column":11794},"end":{"line":1,"column":11808}}]},"114":{"line":1,"type":"binary-expr","locations":[{"start":{"line":1,"column":11833},"end":{"line":1,"column":11844}},{"start":{"line":1,"column":11847},"end":{"line":1,"column":11852}}]},"115":{"line":1,"type":"binary-expr","locations":[{"start":{"line":1,"column":12111},"end":{"line":1,"column":12124}},{"start":{"line":1,"column":12126},"end":{"line":1,"column":12138}}]},"116":{"line":1,"type":"cond-expr","locations":[{"start":{"line":1,"column":12259},"end":{"line":1,"column":12275}},{"start":{"line":1,"column":12276},"end":{"line":1,"column":12308}}]},"117":{"line":1,"type":"cond-expr","locations":[{"start":{"line":1,"column":14306},"end":{"line":1,"column":14310}},{"start":{"line":1,"column":14311},"end":{"line":1,"column":14318}}]},"118":{"line":1,"type":"binary-expr","locations":[{"start":{"line":1,"column":14311},"end":{"line":1,"column":14312}},{"start":{"line":1,"column":14314},"end":{"line":1,"column":14318}}]},"119":{"line":1,"type":"cond-expr","locations":[{"start":{"line":1,"column":14520},"end":{"line":1,"column":14524}},{"start":{"line":1,"column":14525},"end":{"line":1,"column":14532}}]},"120":{"line":1,"type":"binary-expr","locations":[{"start":{"line":1,"column":14525},"end":{"line":1,"column":14526}},{"start":{"line":1,"column":14528},"end":{"line":1,"column":14532}}]},"121":{"line":1,"type":"cond-expr","locations":[{"start":{"line":1,"column":14783},"end":{"line":1,"column":14792}},{"start":{"line":1,"column":14793},"end":{"line":1,"column":14808}}]},"122":{"line":1,"type":"binary-expr","locations":[{"start":{"line":1,"column":14793},"end":{"line":1,"column":14797}},{"start":{"line":1,"column":14799},"end":{"line":1,"column":14808}}]}},"code":["!function(e,t){\"object\"==typeof exports&&\"object\"==typeof module?module.exports=t():\"function\"==typeof define&&define.amd?define([],t):\"object\"==typeof exports?exports.notie=t():e.notie=t()}(this,function(){return function(e){function t(s){if(n[s])return n[s].exports;var a=n[s]={i:s,l:!1,exports:{}};return e[s].call(a.exports,a,a.exports,t),a.l=!0,a.exports}var n={};return t.m=e,t.c=n,t.i=function(e){return e},t.d=function(e,n,s){t.o(e,n)||Object.defineProperty(e,n,{configurable:!1,enumerable:!0,get:s})},t.n=function(e){var n=e&&e.__esModule?function(){return e.default}:function(){return e};return t.d(n,\"a\",n),n},t.o=function(e,t){return Object.prototype.hasOwnProperty.call(e,t)},t.p=\"\",t(t.s=1)}([function(e,t){e.exports=function(e){return e.webpackPolyfill||(e.deprecate=function(){},e.paths=[],e.children||(e.children=[]),Object.defineProperty(e,\"loaded\",{enumerable:!0,get:function(){return e.l}}),Object.defineProperty(e,\"id\",{enumerable:!0,get:function(){return e.i}}),e.webpackPolyfill=1),e}},function(e,t,n){\"use strict\";(function(e){var n,s,a,i=\"function\"==typeof Symbol&&\"symbol\"==typeof Symbol.iterator?function(e){return typeof e}:function(e){return e&&\"function\"==typeof Symbol&&e.constructor===Symbol&&e!==Symbol.prototype?\"symbol\":typeof e};!function(c,o){\"object\"===i(t)&&\"object\"===i(e)?e.exports=o():(s=[],n=o,a=\"function\"==typeof n?n.apply(t,s):n,!(void 0!==a&&(e.exports=a)))}(void 0,function(){return function(e){function t(s){if(n[s])return n[s].exports;var a=n[s]={i:s,l:!1,exports:{}};return e[s].call(a.exports,a,a.exports,t),a.l=!0,a.exports}var n={};return t.m=e,t.c=n,t.i=function(e){return e},t.d=function(e,n,s){t.o(e,n)||Object.defineProperty(e,n,{configurable:!1,enumerable:!0,get:s})},t.n=function(e){var n=e&&e.__esModule?function(){return e.default}:function(){return e};return t.d(n,\"a\",n),n},t.o=function(e,t){return Object.prototype.hasOwnProperty.call(e,t)},t.p=\"\",t(t.s=0)}([function(e,t,n){function s(e,t){var n={};for(var s in e)t.indexOf(s)>=0||Object.prototype.hasOwnProperty.call(e,s)&&(n[s]=e[s]);return n}Object.defineProperty(t,\"__esModule\",{value:!0});var a=\"function\"==typeof Symbol&&\"symbol\"===i(Symbol.iterator)?function(e){return\"undefined\"==typeof e?\"undefined\":i(e)}:function(e){return e&&\"function\"==typeof Symbol&&e.constructor===Symbol&&e!==Symbol.prototype?\"symbol\":\"undefined\"==typeof e?\"undefined\":i(e)},c=Object.assign||function(e){for(var t=1;t<arguments.length;t++){var n=arguments[t];for(var s in n)Object.prototype.hasOwnProperty.call(n,s)&&(e[s]=n[s])}return e},o={top:\"top\",bottom:\"bottom\"},r={alertTime:3,dateMonths:[\"January\",\"February\",\"March\",\"April\",\"May\",\"June\",\"July\",\"August\",\"September\",\"October\",\"November\",\"December\"],overlayClickDismiss:!0,overlayOpacity:.75,transitionCurve:\"ease\",transitionDuration:.3,transitionSelector:\"all\",classes:{container:\"notie-container\",textbox:\"notie-textbox\",textboxInner:\"notie-textbox-inner\",button:\"notie-button\",element:\"notie-element\",elementHalf:\"notie-element-half\",elementThird:\"notie-element-third\",overlay:\"notie-overlay\",backgroundSuccess:\"notie-background-success\",backgroundWarning:\"notie-background-warning\",backgroundError:\"notie-background-error\",backgroundInfo:\"notie-background-info\",backgroundNeutral:\"notie-background-neutral\",backgroundOverlay:\"notie-background-overlay\",alert:\"notie-alert\",inputField:\"notie-input-field\",selectChoiceRepeated:\"notie-select-choice-repeated\",dateSelectorInner:\"notie-date-selector-inner\",dateSelectorUp:\"notie-date-selector-up\"},ids:{overlay:\"notie-overlay\"},positions:{alert:o.top,force:o.top,confirm:o.top,input:o.top,select:o.bottom,date:o.top}},l=t.setOptions=function(e){r=c({},r,e,{classes:c({},r.classes,e.classes),ids:c({},r.ids,e.ids),positions:c({},r.positions,e.positions)})},d=function(){return new Promise(function(e){return setTimeout(e,0)})},u=function(e){return new Promise(function(t){return setTimeout(t,1e3*e)})},p=function(){document.activeElement&&document.activeElement.blur()},f=function(){var e=\"xxxxxxxx-xxxx-4xxx-yxxx-xxxxxxxxxxxx\".replace(/[xy]/g,function(e){var t=16*Math.random()|0,n=\"x\"===e?t:3&t|8;return n.toString(16)});return\"notie-\"+e},m={1:r.classes.backgroundSuccess,success:r.classes.backgroundSuccess,2:r.classes.backgroundWarning,warning:r.classes.backgroundWarning,3:r.classes.backgroundError,error:r.classes.backgroundError,4:r.classes.backgroundInfo,info:r.classes.backgroundInfo,5:r.classes.backgroundNeutral,neutral:r.classes.backgroundNeutral},v=function(){return r.transitionSelector+\" \"+r.transitionDuration+\"s \"+r.transitionCurve},b=function(e){return 13===e.keyCode},x=function(e){return 27===e.keyCode},y=function(e,t){e.classList.add(r.classes.container),e.style[t]=\"-10000px\",document.body.appendChild(e),e.style[t]=\"-\"+e.offsetHeight+\"px\",e.listener&&window.addEventListener(\"keydown\",e.listener),d().then(function(){e.style.transition=v(),e.style[t]=0})},L=function(e,t){var n=document.getElementById(e);n&&(n.style[t]=\"-\"+n.offsetHeight+\"px\",n.listener&&window.removeEventListener(\"keydown\",n.listener),u(r.transitionDuration).then(function(){n.parentNode&&n.parentNode.removeChild(n)}))},g=function(e,t){var n=document.createElement(\"div\");n.id=r.ids.overlay,n.classList.add(r.classes.overlay),n.classList.add(r.classes.backgroundOverlay),n.style.opacity=0,e&&r.overlayClickDismiss&&(n.onclick=function(){L(e.id,t),h()}),document.body.appendChild(n),d().then(function(){n.style.transition=v(),n.style.opacity=r.overlayOpacity})},h=function(){var e=document.getElementById(r.ids.overlay);e.style.opacity=0,u(r.transitionDuration).then(function(){e.parentNode&&e.parentNode.removeChild(e)})},k=t.hideAlerts=function(e){var t=document.getElementsByClassName(r.classes.alert);if(t.length){for(var n=0;n<t.length;n++){var s=t[n];L(s.id,s.position)}e&&u(r.transitionDuration).then(function(){return e()})}},C=t.alert=function(e){var t=e.type,n=void 0===t?4:t,s=e.text,a=e.time,i=void 0===a?r.alertTime:a,c=e.stay,o=void 0!==c&&c,l=e.position,d=void 0===l?r.positions.alert||d.top:l;p(),k();var v=document.createElement(\"div\"),g=f();v.id=g,v.position=d,v.classList.add(r.classes.textbox),v.classList.add(m[n]),v.classList.add(r.classes.alert),v.innerHTML='<div class=\"'+r.classes.textboxInner+'\">'+s+\"</div>\",v.onclick=function(){return L(g,d)},v.listener=function(e){(b(e)||x(e))&&k()},y(v,d),i&&i<1&&(i=1),!o&&i&&u(i).then(function(){return L(g,d)})},E=t.force=function(e,t){var n=e.type,s=void 0===n?5:n,a=e.text,i=e.buttonText,c=void 0===i?\"OK\":i,o=e.callback,l=e.position,d=void 0===l?r.positions.force||d.top:l;p(),k();var u=document.createElement(\"div\"),v=f();u.id=v;var x=document.createElement(\"div\");x.classList.add(r.classes.textbox),x.classList.add(r.classes.backgroundInfo),x.innerHTML='<div class=\"'+r.classes.textboxInner+'\">'+a+\"</div>\";var C=document.createElement(\"div\");C.classList.add(r.classes.button),C.classList.add(m[s]),C.innerHTML=c,C.onclick=function(){L(v,d),h(),o?o():t&&t()},u.appendChild(x),u.appendChild(C),u.listener=function(e){b(e)&&C.click()},y(u,d),g()},T=t.confirm=function(e,t,n){var s=e.text,a=e.submitText,i=void 0===a?\"Yes\":a,c=e.cancelText,o=void 0===c?\"Cancel\":c,l=e.submitCallback,d=e.cancelCallback,u=e.position,m=void 0===u?r.positions.confirm||m.top:u;p(),k();var v=document.createElement(\"div\"),C=f();v.id=C;var E=document.createElement(\"div\");E.classList.add(r.classes.textbox),E.classList.add(r.classes.backgroundInfo),E.innerHTML='<div class=\"'+r.classes.textboxInner+'\">'+s+\"</div>\";var T=document.createElement(\"div\");T.classList.add(r.classes.button),T.classList.add(r.classes.elementHalf),T.classList.add(r.classes.backgroundSuccess),T.innerHTML=i,T.onclick=function(){L(C,m),h(),l?l():t&&t()};var M=document.createElement(\"div\");M.classList.add(r.classes.button),M.classList.add(r.classes.elementHalf),M.classList.add(r.classes.backgroundError),M.innerHTML=o,M.onclick=function(){L(C,m),h(),d?d():n&&n()},v.appendChild(E),v.appendChild(T),v.appendChild(M),v.listener=function(e){b(e)?T.click():x(e)&&M.click()},y(v,m),g(v,m)},M=function(e,t,n){var i=e.text,c=e.submitText,o=void 0===c?\"Submit\":c,l=e.cancelText,d=void 0===l?\"Cancel\":l,u=e.submitCallback,m=e.cancelCallback,v=e.position,C=void 0===v?r.positions.input||C.top:v,E=s(e,[\"text\",\"submitText\",\"cancelText\",\"submitCallback\",\"cancelCallback\",\"position\"]);p(),k();var T=document.createElement(\"div\"),M=f();T.id=M;var H=document.createElement(\"div\");H.classList.add(r.classes.textbox),H.classList.add(r.classes.backgroundInfo),H.innerHTML='<div class=\"'+r.classes.textboxInner+'\">'+i+\"</div>\";var S=document.createElement(\"input\");S.classList.add(r.classes.inputField),S.setAttribute(\"autocapitalize\",E.autocapitalize||\"none\"),S.setAttribute(\"autocomplete\",E.autocomplete||\"off\"),S.setAttribute(\"autocorrect\",E.autocorrect||\"off\"),S.setAttribute(\"autofocus\",E.autofocus||\"true\"),S.setAttribute(\"inputmode\",E.inputmode||\"verbatim\"),S.setAttribute(\"max\",E.max||\"\"),S.setAttribute(\"maxlength\",E.maxlength||\"\"),S.setAttribute(\"min\",E.min||\"\"),S.setAttribute(\"minlength\",E.minlength||\"\"),S.setAttribute(\"placeholder\",E.placeholder||\"\"),S.setAttribute(\"spellcheck\",E.spellcheck||\"default\"),S.setAttribute(\"step\",E.step||\"any\"),S.setAttribute(\"type\",E.type||\"text\"),S.value=E.value||\"\",E.allowed&&(S.oninput=function(){var e=void 0;if(Array.isArray(E.allowed)){for(var t=\"\",n=E.allowed,s=0;s<n.length;s++)\"an\"===n[s]?t+=\"0-9a-zA-Z\":\"a\"===n[s]?t+=\"a-zA-Z\":\"n\"===n[s]&&(t+=\"0-9\"),\"s\"===n[s]&&(t+=\" \");e=new RegExp(\"[^\"+t+\"]\",\"g\")}else\"object\"===a(E.allowed)&&(e=E.allowed);S.value=S.value.replace(e,\"\")});var w=document.createElement(\"div\");w.classList.add(r.classes.button),w.classList.add(r.classes.elementHalf),w.classList.add(r.classes.backgroundSuccess),w.innerHTML=o,w.onclick=function(){L(M,C),h(),u?u(S.value):t&&t(S.value)};var O=document.createElement(\"div\");O.classList.add(r.classes.button),O.classList.add(r.classes.elementHalf),O.classList.add(r.classes.backgroundError),O.innerHTML=d,O.onclick=function(){L(M,C),h(),m?m(S.value):n&&n(S.value)},T.appendChild(H),T.appendChild(S),T.appendChild(w),T.appendChild(O),T.listener=function(e){b(e)?w.click():x(e)&&O.click()},y(T,C),S.focus(),g(T,C)};t.input=M;var H=t.select=function(e,t){var n=e.text,s=e.cancelText,a=void 0===s?\"Cancel\":s,i=e.cancelCallback,c=e.choices,o=e.position,l=void 0===o?r.positions.select||l.top:o;p(),k();var d=document.createElement(\"div\"),u=f();d.id=u;var v=document.createElement(\"div\");v.classList.add(r.classes.textbox),v.classList.add(r.classes.backgroundInfo),v.innerHTML='<div class=\"'+r.classes.textboxInner+'\">'+n+\"</div>\",d.appendChild(v),c.forEach(function(e,t){var n=e.type,s=void 0===n?1:n,a=e.text,i=e.handler,o=document.createElement(\"div\");o.classList.add(m[s]),o.classList.add(r.classes.button),o.classList.add(r.classes.selectChoice);var p=c[t+1];p&&!p.type&&(p.type=1),p&&p.type===s&&o.classList.add(r.classes.selectChoiceRepeated),o.innerHTML=a,o.onclick=function(){L(u,l),h(),i()},d.appendChild(o)});var b=document.createElement(\"div\");b.classList.add(r.classes.backgroundNeutral),b.classList.add(r.classes.button),b.innerHTML=a,b.onclick=function(){L(u,l),h(),i?i():t&&t()},d.appendChild(b),d.listener=function(e){x(e)&&b.click()},y(d,l),g(d,l)},S=t.date=function(e,t,n){var s=e.value,a=void 0===s?new Date:s,i=e.submitText,c=void 0===i?\"OK\":i,o=e.cancelText,l=void 0===o?\"Cancel\":o,d=e.submitCallback,u=e.cancelCallback,m=e.position,v=void 0===m?r.positions.date||v.top:m;p(),k();var C=\"&#9662\",E=document.createElement(\"div\"),T=document.createElement(\"div\"),M=document.createElement(\"div\"),H=function(e){E.innerHTML=r.dateMonths[e.getMonth()],T.innerHTML=e.getDate(),M.innerHTML=e.getFullYear()},S=function(e){var t=new Date(a.getFullYear(),a.getMonth()+1,0).getDate(),n=e.target.textContent.replace(/^0+/,\"\").replace(/[^\\d]/g,\"\").slice(0,2);Number(n)>t&&(n=t.toString()),e.target.textContent=n,Number(n)<1&&(n=\"1\"),a.setDate(Number(n))},w=function(e){var t=e.target.textContent.replace(/^0+/,\"\").replace(/[^\\d]/g,\"\").slice(0,4);e.target.textContent=t,a.setFullYear(Number(t))},O=function(e){H(a)},A=function(e){var t=new Date(a.getFullYear(),a.getMonth()+e+1,0).getDate();a.getDate()>t&&a.setDate(t),a.setMonth(a.getMonth()+e),H(a)},D=function(e){a.setDate(a.getDate()+e),H(a)},I=function(e){var t=a.getFullYear()+e;t<0?a.setFullYear(0):a.setFullYear(a.getFullYear()+e),H(a)},j=document.createElement(\"div\"),N=f();j.id=N;var P=document.createElement(\"div\");P.classList.add(r.classes.backgroundInfo);var F=document.createElement(\"div\");F.classList.add(r.classes.dateSelectorInner);var Y=document.createElement(\"div\");Y.classList.add(r.classes.button),Y.classList.add(r.classes.elementThird),Y.classList.add(r.classes.dateSelectorUp),Y.innerHTML=C;var _=document.createElement(\"div\");_.classList.add(r.classes.button),_.classList.add(r.classes.elementThird),_.classList.add(r.classes.dateSelectorUp),_.innerHTML=C;var z=document.createElement(\"div\");z.classList.add(r.classes.button),z.classList.add(r.classes.elementThird),z.classList.add(r.classes.dateSelectorUp),z.innerHTML=C,E.classList.add(r.classes.element),E.classList.add(r.classes.elementThird),E.innerHTML=r.dateMonths[a.getMonth()],T.classList.add(r.classes.element),T.classList.add(r.classes.elementThird),T.setAttribute(\"contentEditable\",!0),T.addEventListener(\"input\",S),T.addEventListener(\"blur\",O),T.innerHTML=a.getDate(),M.classList.add(r.classes.element),M.classList.add(r.classes.elementThird),M.setAttribute(\"contentEditable\",!0),M.addEventListener(\"input\",w),M.addEventListener(\"blur\",O),M.innerHTML=a.getFullYear();var U=document.createElement(\"div\");U.classList.add(r.classes.button),U.classList.add(r.classes.elementThird),U.innerHTML=C;var B=document.createElement(\"div\");B.classList.add(r.classes.button),B.classList.add(r.classes.elementThird),B.innerHTML=C;var J=document.createElement(\"div\");J.classList.add(r.classes.button),J.classList.add(r.classes.elementThird),J.innerHTML=C,Y.onclick=function(){return A(1)},_.onclick=function(){return D(1)},z.onclick=function(){return I(1)},U.onclick=function(){return A(-1)},B.onclick=function(){return D(-1)},J.onclick=function(){return I(-1)};var R=document.createElement(\"div\");R.classList.add(r.classes.button),R.classList.add(r.classes.elementHalf),R.classList.add(r.classes.backgroundSuccess),R.innerHTML=c,R.onclick=function(){L(N,v),h(),d?d(a):t&&t(a)};var W=document.createElement(\"div\");W.classList.add(r.classes.button),W.classList.add(r.classes.elementHalf),W.classList.add(r.classes.backgroundError),W.innerHTML=l,W.onclick=function(){L(N,v),h(),u?u(a):n&&n(a)},F.appendChild(Y),F.appendChild(_),F.appendChild(z),F.appendChild(E),F.appendChild(T),F.appendChild(M),F.appendChild(U),F.appendChild(B),F.appendChild(J),P.appendChild(F),j.appendChild(P),j.appendChild(R),j.appendChild(W),j.listener=function(e){b(e)?R.click():x(e)&&W.click()},y(j,v),g(j,v)};t.default={alert:C,force:E,confirm:T,input:M,select:H,date:S,setOptions:l,hideAlerts:k}}])})}).call(t,n(0)(e))}])});"],"l":{"1":3}}}